{"/Users/paulopeixoto/Desktop/Liisa Repos/PolkadotNFTPortfolioTracker/PolkadotNFTPortfolioTracker/multichain-indexer/src/functions/fetchAllStats.js": {"path":"/Users/paulopeixoto/Desktop/Liisa Repos/PolkadotNFTPortfolioTracker/PolkadotNFTPortfolioTracker/multichain-indexer/src/functions/fetchAllStats.js","statementMap":{"0":{"start":{"line":1,"column":20},"end":{"line":1,"column":46}},"1":{"start":{"line":2,"column":11},"end":{"line":2,"column":24}},"2":{"start":{"line":3,"column":13},"end":{"line":3,"column":28}},"3":{"start":{"line":8,"column":26},"end":{"line":8,"column":90}},"4":{"start":{"line":9,"column":18},"end":{"line":9,"column":56}},"5":{"start":{"line":11,"column":4},"end":{"line":21,"column":5}},"6":{"start":{"line":12,"column":25},"end":{"line":12,"column":42}},"7":{"start":{"line":14,"column":25},"end":{"line":14,"column":55}},"8":{"start":{"line":15,"column":8},"end":{"line":15,"column":55}},"9":{"start":{"line":17,"column":8},"end":{"line":17,"column":64}},"10":{"start":{"line":18,"column":8},"end":{"line":20,"column":9}},"11":{"start":{"line":19,"column":12},"end":{"line":19,"column":93}},"12":{"start":{"line":24,"column":0},"end":{"line":24,"column":35}}},"fnMap":{"0":{"name":"fetchAllStats","decl":{"start":{"line":6,"column":15},"end":{"line":6,"column":28}},"loc":{"start":{"line":6,"column":35},"end":{"line":22,"column":1}},"line":6}},"branchMap":{"0":{"loc":{"start":{"line":18,"column":8},"end":{"line":20,"column":9}},"type":"if","locations":[{"start":{"line":18,"column":8},"end":{"line":20,"column":9}},{"start":{},"end":{}}],"line":18},"1":{"loc":{"start":{"line":18,"column":12},"end":{"line":18,"column":51}},"type":"binary-expr","locations":[{"start":{"line":18,"column":12},"end":{"line":18,"column":26}},{"start":{"line":18,"column":30},"end":{"line":18,"column":51}}],"line":18}},"s":{"0":1,"1":1,"2":1,"3":1,"4":1,"5":1,"6":1,"7":1,"8":0,"9":1,"10":1,"11":1,"12":1},"f":{"0":1},"b":{"0":[1,0],"1":[1,1]},"_coverageSchema":"1a1c01bbd47fc00a2c39e90264f33305004495a9","hash":"c7ce54c5fa715494f1bb007265f032d87cdf9e0e"}
,"/Users/paulopeixoto/Desktop/Liisa Repos/PolkadotNFTPortfolioTracker/PolkadotNFTPortfolioTracker/multichain-indexer/src/functions/fetchCollectionNfts.js": {"path":"/Users/paulopeixoto/Desktop/Liisa Repos/PolkadotNFTPortfolioTracker/PolkadotNFTPortfolioTracker/multichain-indexer/src/functions/fetchCollectionNfts.js","statementMap":{"0":{"start":{"line":1,"column":20},"end":{"line":1,"column":46}},"1":{"start":{"line":2,"column":11},"end":{"line":2,"column":24}},"2":{"start":{"line":3,"column":13},"end":{"line":3,"column":28}},"3":{"start":{"line":8,"column":26},"end":{"line":8,"column":81}},"4":{"start":{"line":9,"column":18},"end":{"line":9,"column":56}},"5":{"start":{"line":11,"column":22},"end":{"line":13,"column":5}},"6":{"start":{"line":15,"column":4},"end":{"line":25,"column":5}},"7":{"start":{"line":16,"column":25},"end":{"line":16,"column":42}},"8":{"start":{"line":18,"column":25},"end":{"line":18,"column":66}},"9":{"start":{"line":19,"column":8},"end":{"line":19,"column":55}},"10":{"start":{"line":21,"column":8},"end":{"line":21,"column":64}},"11":{"start":{"line":22,"column":8},"end":{"line":24,"column":9}},"12":{"start":{"line":23,"column":12},"end":{"line":23,"column":93}},"13":{"start":{"line":28,"column":0},"end":{"line":28,"column":41}},"14":{"start":{"line":30,"column":0},"end":{"line":30,"column":91}}},"fnMap":{"0":{"name":"fetchCollectionNfts","decl":{"start":{"line":6,"column":15},"end":{"line":6,"column":34}},"loc":{"start":{"line":6,"column":49},"end":{"line":26,"column":1}},"line":6}},"branchMap":{"0":{"loc":{"start":{"line":22,"column":8},"end":{"line":24,"column":9}},"type":"if","locations":[{"start":{"line":22,"column":8},"end":{"line":24,"column":9}},{"start":{},"end":{}}],"line":22},"1":{"loc":{"start":{"line":22,"column":12},"end":{"line":22,"column":51}},"type":"binary-expr","locations":[{"start":{"line":22,"column":12},"end":{"line":22,"column":26}},{"start":{"line":22,"column":30},"end":{"line":22,"column":51}}],"line":22}},"s":{"0":1,"1":1,"2":1,"3":1,"4":1,"5":1,"6":1,"7":1,"8":1,"9":0,"10":0,"11":0,"12":0,"13":1,"14":1},"f":{"0":1},"b":{"0":[0,0],"1":[0,0]},"_coverageSchema":"1a1c01bbd47fc00a2c39e90264f33305004495a9","hash":"4d2eb4e676117d4a840619f8dc84aed33aa9cc16"}
,"/Users/paulopeixoto/Desktop/Liisa Repos/PolkadotNFTPortfolioTracker/PolkadotNFTPortfolioTracker/multichain-indexer/src/functions/fetchCollectionSales.js": {"path":"/Users/paulopeixoto/Desktop/Liisa Repos/PolkadotNFTPortfolioTracker/PolkadotNFTPortfolioTracker/multichain-indexer/src/functions/fetchCollectionSales.js","statementMap":{"0":{"start":{"line":1,"column":20},"end":{"line":1,"column":46}},"1":{"start":{"line":2,"column":11},"end":{"line":2,"column":24}},"2":{"start":{"line":3,"column":13},"end":{"line":3,"column":28}},"3":{"start":{"line":8,"column":26},"end":{"line":8,"column":84}},"4":{"start":{"line":9,"column":18},"end":{"line":9,"column":56}},"5":{"start":{"line":12,"column":22},"end":{"line":20,"column":5}},"6":{"start":{"line":22,"column":4},"end":{"line":32,"column":5}},"7":{"start":{"line":23,"column":25},"end":{"line":23,"column":42}},"8":{"start":{"line":25,"column":25},"end":{"line":25,"column":66}},"9":{"start":{"line":26,"column":8},"end":{"line":26,"column":55}},"10":{"start":{"line":28,"column":8},"end":{"line":28,"column":64}},"11":{"start":{"line":29,"column":8},"end":{"line":31,"column":9}},"12":{"start":{"line":30,"column":12},"end":{"line":30,"column":93}},"13":{"start":{"line":35,"column":0},"end":{"line":35,"column":42}},"14":{"start":{"line":39,"column":0},"end":{"line":42,"column":3}}},"fnMap":{"0":{"name":"fetchCollectionSales","decl":{"start":{"line":6,"column":15},"end":{"line":6,"column":35}},"loc":{"start":{"line":6,"column":51},"end":{"line":33,"column":1}},"line":6}},"branchMap":{"0":{"loc":{"start":{"line":29,"column":8},"end":{"line":31,"column":9}},"type":"if","locations":[{"start":{"line":29,"column":8},"end":{"line":31,"column":9}},{"start":{},"end":{}}],"line":29},"1":{"loc":{"start":{"line":29,"column":12},"end":{"line":29,"column":51}},"type":"binary-expr","locations":[{"start":{"line":29,"column":12},"end":{"line":29,"column":26}},{"start":{"line":29,"column":30},"end":{"line":29,"column":51}}],"line":29}},"s":{"0":1,"1":1,"2":1,"3":1,"4":1,"5":1,"6":1,"7":1,"8":1,"9":0,"10":0,"11":0,"12":0,"13":1,"14":1},"f":{"0":1},"b":{"0":[0,0],"1":[0,0]},"_coverageSchema":"1a1c01bbd47fc00a2c39e90264f33305004495a9","hash":"439abfd4c2d6488b5601e74c2061a2bddd84fefb"}
,"/Users/paulopeixoto/Desktop/Liisa Repos/PolkadotNFTPortfolioTracker/PolkadotNFTPortfolioTracker/multichain-indexer/src/functions/fetchFloorPrice.js": {"path":"/Users/paulopeixoto/Desktop/Liisa Repos/PolkadotNFTPortfolioTracker/PolkadotNFTPortfolioTracker/multichain-indexer/src/functions/fetchFloorPrice.js","statementMap":{"0":{"start":{"line":1,"column":20},"end":{"line":1,"column":46}},"1":{"start":{"line":2,"column":11},"end":{"line":2,"column":24}},"2":{"start":{"line":3,"column":13},"end":{"line":3,"column":28}},"3":{"start":{"line":8,"column":26},"end":{"line":8,"column":82}},"4":{"start":{"line":9,"column":18},"end":{"line":9,"column":56}},"5":{"start":{"line":11,"column":22},"end":{"line":15,"column":5}},"6":{"start":{"line":17,"column":4},"end":{"line":27,"column":5}},"7":{"start":{"line":18,"column":25},"end":{"line":18,"column":42}},"8":{"start":{"line":20,"column":26},"end":{"line":20,"column":61}},"9":{"start":{"line":21,"column":8},"end":{"line":21,"column":55}},"10":{"start":{"line":23,"column":8},"end":{"line":23,"column":64}},"11":{"start":{"line":24,"column":8},"end":{"line":26,"column":9}},"12":{"start":{"line":25,"column":12},"end":{"line":25,"column":93}},"13":{"start":{"line":30,"column":0},"end":{"line":30,"column":37}},"14":{"start":{"line":33,"column":0},"end":{"line":33,"column":135}}},"fnMap":{"0":{"name":"fetchFloorPrice","decl":{"start":{"line":6,"column":15},"end":{"line":6,"column":30}},"loc":{"start":{"line":6,"column":71},"end":{"line":28,"column":1}},"line":6}},"branchMap":{"0":{"loc":{"start":{"line":24,"column":8},"end":{"line":26,"column":9}},"type":"if","locations":[{"start":{"line":24,"column":8},"end":{"line":26,"column":9}},{"start":{},"end":{}}],"line":24},"1":{"loc":{"start":{"line":24,"column":12},"end":{"line":24,"column":51}},"type":"binary-expr","locations":[{"start":{"line":24,"column":12},"end":{"line":24,"column":26}},{"start":{"line":24,"column":30},"end":{"line":24,"column":51}}],"line":24}},"s":{"0":1,"1":1,"2":1,"3":1,"4":1,"5":1,"6":1,"7":1,"8":1,"9":1,"10":0,"11":0,"12":0,"13":1,"14":1},"f":{"0":1},"b":{"0":[0,0],"1":[0,0]},"_coverageSchema":"1a1c01bbd47fc00a2c39e90264f33305004495a9","hash":"69ddd954d5ad1668ab461bb1529631a1623cd55b"}
,"/Users/paulopeixoto/Desktop/Liisa Repos/PolkadotNFTPortfolioTracker/PolkadotNFTPortfolioTracker/multichain-indexer/src/functions/fetchFloorPriceChange.js": {"path":"/Users/paulopeixoto/Desktop/Liisa Repos/PolkadotNFTPortfolioTracker/PolkadotNFTPortfolioTracker/multichain-indexer/src/functions/fetchFloorPriceChange.js","statementMap":{"0":{"start":{"line":1,"column":20},"end":{"line":1,"column":46}},"1":{"start":{"line":2,"column":11},"end":{"line":2,"column":24}},"2":{"start":{"line":3,"column":13},"end":{"line":3,"column":28}},"3":{"start":{"line":8,"column":26},"end":{"line":8,"column":84}},"4":{"start":{"line":9,"column":18},"end":{"line":9,"column":56}},"5":{"start":{"line":11,"column":22},"end":{"line":18,"column":5}},"6":{"start":{"line":20,"column":4},"end":{"line":30,"column":5}},"7":{"start":{"line":21,"column":25},"end":{"line":21,"column":42}},"8":{"start":{"line":23,"column":26},"end":{"line":23,"column":61}},"9":{"start":{"line":24,"column":8},"end":{"line":24,"column":55}},"10":{"start":{"line":26,"column":8},"end":{"line":26,"column":64}},"11":{"start":{"line":27,"column":8},"end":{"line":29,"column":9}},"12":{"start":{"line":28,"column":12},"end":{"line":28,"column":93}},"13":{"start":{"line":33,"column":0},"end":{"line":33,"column":43}},"14":{"start":{"line":35,"column":0},"end":{"line":35,"column":123}}},"fnMap":{"0":{"name":"fetchFloorPriceChange","decl":{"start":{"line":6,"column":15},"end":{"line":6,"column":36}},"loc":{"start":{"line":6,"column":110},"end":{"line":31,"column":1}},"line":6}},"branchMap":{"0":{"loc":{"start":{"line":27,"column":8},"end":{"line":29,"column":9}},"type":"if","locations":[{"start":{"line":27,"column":8},"end":{"line":29,"column":9}},{"start":{},"end":{}}],"line":27},"1":{"loc":{"start":{"line":27,"column":12},"end":{"line":27,"column":51}},"type":"binary-expr","locations":[{"start":{"line":27,"column":12},"end":{"line":27,"column":26}},{"start":{"line":27,"column":30},"end":{"line":27,"column":51}}],"line":27}},"s":{"0":1,"1":1,"2":1,"3":1,"4":1,"5":1,"6":1,"7":1,"8":1,"9":1,"10":0,"11":0,"12":0,"13":1,"14":1},"f":{"0":1},"b":{"0":[0,0],"1":[0,0]},"_coverageSchema":"1a1c01bbd47fc00a2c39e90264f33305004495a9","hash":"06e37058caa99e93b47b741cd8c50ffe58d05891"}
,"/Users/paulopeixoto/Desktop/Liisa Repos/PolkadotNFTPortfolioTracker/PolkadotNFTPortfolioTracker/multichain-indexer/src/functions/fetchLastTraitSale.js": {"path":"/Users/paulopeixoto/Desktop/Liisa Repos/PolkadotNFTPortfolioTracker/PolkadotNFTPortfolioTracker/multichain-indexer/src/functions/fetchLastTraitSale.js","statementMap":{"0":{"start":{"line":1,"column":20},"end":{"line":1,"column":46}},"1":{"start":{"line":2,"column":11},"end":{"line":2,"column":24}},"2":{"start":{"line":3,"column":13},"end":{"line":3,"column":28}},"3":{"start":{"line":8,"column":26},"end":{"line":8,"column":85}},"4":{"start":{"line":9,"column":18},"end":{"line":9,"column":56}},"5":{"start":{"line":11,"column":22},"end":{"line":15,"column":5}},"6":{"start":{"line":17,"column":4},"end":{"line":27,"column":5}},"7":{"start":{"line":18,"column":25},"end":{"line":18,"column":42}},"8":{"start":{"line":20,"column":25},"end":{"line":20,"column":66}},"9":{"start":{"line":21,"column":8},"end":{"line":21,"column":55}},"10":{"start":{"line":23,"column":8},"end":{"line":23,"column":64}},"11":{"start":{"line":24,"column":8},"end":{"line":26,"column":9}},"12":{"start":{"line":25,"column":12},"end":{"line":25,"column":93}},"13":{"start":{"line":30,"column":0},"end":{"line":30,"column":40}},"14":{"start":{"line":32,"column":0},"end":{"line":32,"column":115}}},"fnMap":{"0":{"name":"fetchLastTraitSale","decl":{"start":{"line":6,"column":15},"end":{"line":6,"column":33}},"loc":{"start":{"line":6,"column":85},"end":{"line":28,"column":1}},"line":6}},"branchMap":{"0":{"loc":{"start":{"line":24,"column":8},"end":{"line":26,"column":9}},"type":"if","locations":[{"start":{"line":24,"column":8},"end":{"line":26,"column":9}},{"start":{},"end":{}}],"line":24},"1":{"loc":{"start":{"line":24,"column":12},"end":{"line":24,"column":51}},"type":"binary-expr","locations":[{"start":{"line":24,"column":12},"end":{"line":24,"column":26}},{"start":{"line":24,"column":30},"end":{"line":24,"column":51}}],"line":24}},"s":{"0":1,"1":1,"2":1,"3":1,"4":1,"5":1,"6":1,"7":1,"8":1,"9":0,"10":0,"11":0,"12":0,"13":1,"14":1},"f":{"0":1},"b":{"0":[0,0],"1":[0,0]},"_coverageSchema":"1a1c01bbd47fc00a2c39e90264f33305004495a9","hash":"4280b2f90b3502b3ce3f9a8d93b5d814505a6df6"}
,"/Users/paulopeixoto/Desktop/Liisa Repos/PolkadotNFTPortfolioTracker/PolkadotNFTPortfolioTracker/multichain-indexer/src/functions/fetchNftAcquisitionPrice.js": {"path":"/Users/paulopeixoto/Desktop/Liisa Repos/PolkadotNFTPortfolioTracker/PolkadotNFTPortfolioTracker/multichain-indexer/src/functions/fetchNftAcquisitionPrice.js","statementMap":{"0":{"start":{"line":1,"column":20},"end":{"line":1,"column":46}},"1":{"start":{"line":2,"column":11},"end":{"line":2,"column":24}},"2":{"start":{"line":3,"column":13},"end":{"line":3,"column":28}},"3":{"start":{"line":8,"column":26},"end":{"line":8,"column":87}},"4":{"start":{"line":9,"column":18},"end":{"line":9,"column":56}},"5":{"start":{"line":11,"column":22},"end":{"line":13,"column":5}},"6":{"start":{"line":15,"column":4},"end":{"line":25,"column":5}},"7":{"start":{"line":16,"column":25},"end":{"line":16,"column":42}},"8":{"start":{"line":18,"column":25},"end":{"line":18,"column":66}},"9":{"start":{"line":19,"column":8},"end":{"line":19,"column":55}},"10":{"start":{"line":21,"column":8},"end":{"line":21,"column":64}},"11":{"start":{"line":22,"column":8},"end":{"line":24,"column":9}},"12":{"start":{"line":23,"column":12},"end":{"line":23,"column":93}},"13":{"start":{"line":28,"column":0},"end":{"line":28,"column":46}}},"fnMap":{"0":{"name":"fetchNftAcquisitionPrice","decl":{"start":{"line":6,"column":15},"end":{"line":6,"column":39}},"loc":{"start":{"line":6,"column":53},"end":{"line":26,"column":1}},"line":6}},"branchMap":{"0":{"loc":{"start":{"line":22,"column":8},"end":{"line":24,"column":9}},"type":"if","locations":[{"start":{"line":22,"column":8},"end":{"line":24,"column":9}},{"start":{},"end":{}}],"line":22},"1":{"loc":{"start":{"line":22,"column":12},"end":{"line":22,"column":51}},"type":"binary-expr","locations":[{"start":{"line":22,"column":12},"end":{"line":22,"column":26}},{"start":{"line":22,"column":30},"end":{"line":22,"column":51}}],"line":22}},"s":{"0":1,"1":1,"2":1,"3":0,"4":0,"5":0,"6":0,"7":0,"8":0,"9":0,"10":0,"11":0,"12":0,"13":1},"f":{"0":0},"b":{"0":[0,0],"1":[0,0]},"_coverageSchema":"1a1c01bbd47fc00a2c39e90264f33305004495a9","hash":"bc8f71b5f328d3a655b8ea1786ad9be1e74fec5a"}
,"/Users/paulopeixoto/Desktop/Liisa Repos/PolkadotNFTPortfolioTracker/PolkadotNFTPortfolioTracker/multichain-indexer/src/functions/fetchNftActivity.js": {"path":"/Users/paulopeixoto/Desktop/Liisa Repos/PolkadotNFTPortfolioTracker/PolkadotNFTPortfolioTracker/multichain-indexer/src/functions/fetchNftActivity.js","statementMap":{"0":{"start":{"line":1,"column":20},"end":{"line":1,"column":46}},"1":{"start":{"line":2,"column":11},"end":{"line":2,"column":24}},"2":{"start":{"line":3,"column":13},"end":{"line":3,"column":28}},"3":{"start":{"line":8,"column":26},"end":{"line":8,"column":84}},"4":{"start":{"line":9,"column":18},"end":{"line":9,"column":56}},"5":{"start":{"line":11,"column":22},"end":{"line":13,"column":5}},"6":{"start":{"line":15,"column":4},"end":{"line":25,"column":5}},"7":{"start":{"line":16,"column":25},"end":{"line":16,"column":42}},"8":{"start":{"line":18,"column":25},"end":{"line":18,"column":66}},"9":{"start":{"line":19,"column":8},"end":{"line":19,"column":55}},"10":{"start":{"line":21,"column":8},"end":{"line":21,"column":64}},"11":{"start":{"line":22,"column":8},"end":{"line":24,"column":9}},"12":{"start":{"line":23,"column":12},"end":{"line":23,"column":93}},"13":{"start":{"line":28,"column":0},"end":{"line":28,"column":38}}},"fnMap":{"0":{"name":"fetchNftActivity","decl":{"start":{"line":6,"column":15},"end":{"line":6,"column":31}},"loc":{"start":{"line":6,"column":45},"end":{"line":26,"column":1}},"line":6}},"branchMap":{"0":{"loc":{"start":{"line":22,"column":8},"end":{"line":24,"column":9}},"type":"if","locations":[{"start":{"line":22,"column":8},"end":{"line":24,"column":9}},{"start":{},"end":{}}],"line":22},"1":{"loc":{"start":{"line":22,"column":12},"end":{"line":22,"column":51}},"type":"binary-expr","locations":[{"start":{"line":22,"column":12},"end":{"line":22,"column":26}},{"start":{"line":22,"column":30},"end":{"line":22,"column":51}}],"line":22}},"s":{"0":1,"1":1,"2":1,"3":0,"4":0,"5":0,"6":0,"7":0,"8":0,"9":0,"10":0,"11":0,"12":0,"13":1},"f":{"0":0},"b":{"0":[0,0],"1":[0,0]},"_coverageSchema":"1a1c01bbd47fc00a2c39e90264f33305004495a9","hash":"8786e5e56572edfe5305229e919564a2f4394e98"}
,"/Users/paulopeixoto/Desktop/Liisa Repos/PolkadotNFTPortfolioTracker/PolkadotNFTPortfolioTracker/multichain-indexer/src/functions/fetchNftMetadata.js": {"path":"/Users/paulopeixoto/Desktop/Liisa Repos/PolkadotNFTPortfolioTracker/PolkadotNFTPortfolioTracker/multichain-indexer/src/functions/fetchNftMetadata.js","statementMap":{"0":{"start":{"line":1,"column":20},"end":{"line":1,"column":46}},"1":{"start":{"line":2,"column":11},"end":{"line":2,"column":24}},"2":{"start":{"line":3,"column":13},"end":{"line":3,"column":28}},"3":{"start":{"line":8,"column":26},"end":{"line":8,"column":83}},"4":{"start":{"line":9,"column":18},"end":{"line":9,"column":56}},"5":{"start":{"line":11,"column":22},"end":{"line":14,"column":5}},"6":{"start":{"line":16,"column":4},"end":{"line":26,"column":5}},"7":{"start":{"line":17,"column":25},"end":{"line":17,"column":42}},"8":{"start":{"line":19,"column":25},"end":{"line":19,"column":66}},"9":{"start":{"line":20,"column":8},"end":{"line":20,"column":55}},"10":{"start":{"line":22,"column":8},"end":{"line":22,"column":64}},"11":{"start":{"line":23,"column":8},"end":{"line":25,"column":9}},"12":{"start":{"line":24,"column":12},"end":{"line":24,"column":93}},"13":{"start":{"line":29,"column":0},"end":{"line":29,"column":38}}},"fnMap":{"0":{"name":"fetchNftMetadata","decl":{"start":{"line":6,"column":15},"end":{"line":6,"column":31}},"loc":{"start":{"line":6,"column":52},"end":{"line":27,"column":1}},"line":6}},"branchMap":{"0":{"loc":{"start":{"line":23,"column":8},"end":{"line":25,"column":9}},"type":"if","locations":[{"start":{"line":23,"column":8},"end":{"line":25,"column":9}},{"start":{},"end":{}}],"line":23},"1":{"loc":{"start":{"line":23,"column":12},"end":{"line":23,"column":51}},"type":"binary-expr","locations":[{"start":{"line":23,"column":12},"end":{"line":23,"column":26}},{"start":{"line":23,"column":30},"end":{"line":23,"column":51}}],"line":23}},"s":{"0":1,"1":1,"2":1,"3":0,"4":0,"5":0,"6":0,"7":0,"8":0,"9":0,"10":0,"11":0,"12":0,"13":1},"f":{"0":0},"b":{"0":[0,0],"1":[0,0]},"_coverageSchema":"1a1c01bbd47fc00a2c39e90264f33305004495a9","hash":"d38280bd415f6fa06eaaf41b71f0639500164e32"}
,"/Users/paulopeixoto/Desktop/Liisa Repos/PolkadotNFTPortfolioTracker/PolkadotNFTPortfolioTracker/multichain-indexer/src/functions/fetchNftUnrealizedPnL.js": {"path":"/Users/paulopeixoto/Desktop/Liisa Repos/PolkadotNFTPortfolioTracker/PolkadotNFTPortfolioTracker/multichain-indexer/src/functions/fetchNftUnrealizedPnL.js","statementMap":{"0":{"start":{"line":1,"column":37},"end":{"line":1,"column":77}},"1":{"start":{"line":2,"column":30},"end":{"line":2,"column":63}},"2":{"start":{"line":8,"column":29},"end":{"line":8,"column":66}},"3":{"start":{"line":11,"column":27},"end":{"line":11,"column":71}},"4":{"start":{"line":14,"column":26},"end":{"line":14,"column":59}},"5":{"start":{"line":16,"column":4},"end":{"line":16,"column":25}},"6":{"start":{"line":19,"column":0},"end":{"line":19,"column":43}}},"fnMap":{"0":{"name":"fetchNftUnrealizedPnL","decl":{"start":{"line":5,"column":15},"end":{"line":5,"column":36}},"loc":{"start":{"line":5,"column":64},"end":{"line":17,"column":1}},"line":5}},"branchMap":{},"s":{"0":1,"1":1,"2":0,"3":0,"4":0,"5":0,"6":1},"f":{"0":0},"b":{},"_coverageSchema":"1a1c01bbd47fc00a2c39e90264f33305004495a9","hash":"9b034b7efe6ea74384c69b8a836be88ebb96fe26"}
,"/Users/paulopeixoto/Desktop/Liisa Repos/PolkadotNFTPortfolioTracker/PolkadotNFTPortfolioTracker/multichain-indexer/src/functions/fetchWalletActivity.js": {"path":"/Users/paulopeixoto/Desktop/Liisa Repos/PolkadotNFTPortfolioTracker/PolkadotNFTPortfolioTracker/multichain-indexer/src/functions/fetchWalletActivity.js","statementMap":{"0":{"start":{"line":1,"column":20},"end":{"line":1,"column":46}},"1":{"start":{"line":2,"column":11},"end":{"line":2,"column":24}},"2":{"start":{"line":3,"column":13},"end":{"line":3,"column":28}},"3":{"start":{"line":8,"column":26},"end":{"line":8,"column":84}},"4":{"start":{"line":9,"column":18},"end":{"line":9,"column":56}},"5":{"start":{"line":11,"column":22},"end":{"line":13,"column":5}},"6":{"start":{"line":15,"column":4},"end":{"line":25,"column":5}},"7":{"start":{"line":16,"column":25},"end":{"line":16,"column":42}},"8":{"start":{"line":18,"column":25},"end":{"line":18,"column":66}},"9":{"start":{"line":19,"column":8},"end":{"line":19,"column":55}},"10":{"start":{"line":21,"column":8},"end":{"line":21,"column":64}},"11":{"start":{"line":22,"column":8},"end":{"line":24,"column":9}},"12":{"start":{"line":23,"column":12},"end":{"line":23,"column":93}},"13":{"start":{"line":28,"column":0},"end":{"line":28,"column":41}}},"fnMap":{"0":{"name":"fetchWalletActivity","decl":{"start":{"line":6,"column":15},"end":{"line":6,"column":34}},"loc":{"start":{"line":6,"column":49},"end":{"line":26,"column":1}},"line":6}},"branchMap":{"0":{"loc":{"start":{"line":22,"column":8},"end":{"line":24,"column":9}},"type":"if","locations":[{"start":{"line":22,"column":8},"end":{"line":24,"column":9}},{"start":{},"end":{}}],"line":22},"1":{"loc":{"start":{"line":22,"column":12},"end":{"line":22,"column":51}},"type":"binary-expr","locations":[{"start":{"line":22,"column":12},"end":{"line":22,"column":26}},{"start":{"line":22,"column":30},"end":{"line":22,"column":51}}],"line":22}},"s":{"0":1,"1":1,"2":1,"3":0,"4":0,"5":0,"6":0,"7":0,"8":0,"9":0,"10":0,"11":0,"12":0,"13":1},"f":{"0":0},"b":{"0":[0,0],"1":[0,0]},"_coverageSchema":"1a1c01bbd47fc00a2c39e90264f33305004495a9","hash":"0598b85f5687543cc8e4ff4e09435312bdb6df2a"}
,"/Users/paulopeixoto/Desktop/Liisa Repos/PolkadotNFTPortfolioTracker/PolkadotNFTPortfolioTracker/multichain-indexer/src/functions/fetchWalletSpending.js": {"path":"/Users/paulopeixoto/Desktop/Liisa Repos/PolkadotNFTPortfolioTracker/PolkadotNFTPortfolioTracker/multichain-indexer/src/functions/fetchWalletSpending.js","statementMap":{"0":{"start":{"line":1,"column":20},"end":{"line":1,"column":46}},"1":{"start":{"line":2,"column":11},"end":{"line":2,"column":24}},"2":{"start":{"line":3,"column":13},"end":{"line":3,"column":28}},"3":{"start":{"line":8,"column":26},"end":{"line":8,"column":87}},"4":{"start":{"line":9,"column":18},"end":{"line":9,"column":56}},"5":{"start":{"line":11,"column":22},"end":{"line":13,"column":5}},"6":{"start":{"line":15,"column":4},"end":{"line":25,"column":5}},"7":{"start":{"line":16,"column":25},"end":{"line":16,"column":42}},"8":{"start":{"line":18,"column":25},"end":{"line":18,"column":66}},"9":{"start":{"line":19,"column":8},"end":{"line":19,"column":55}},"10":{"start":{"line":21,"column":8},"end":{"line":21,"column":64}},"11":{"start":{"line":22,"column":8},"end":{"line":24,"column":9}},"12":{"start":{"line":23,"column":12},"end":{"line":23,"column":93}},"13":{"start":{"line":28,"column":0},"end":{"line":28,"column":41}}},"fnMap":{"0":{"name":"fetchWalletSpending","decl":{"start":{"line":6,"column":15},"end":{"line":6,"column":34}},"loc":{"start":{"line":6,"column":49},"end":{"line":26,"column":1}},"line":6}},"branchMap":{"0":{"loc":{"start":{"line":22,"column":8},"end":{"line":24,"column":9}},"type":"if","locations":[{"start":{"line":22,"column":8},"end":{"line":24,"column":9}},{"start":{},"end":{}}],"line":22},"1":{"loc":{"start":{"line":22,"column":12},"end":{"line":22,"column":51}},"type":"binary-expr","locations":[{"start":{"line":22,"column":12},"end":{"line":22,"column":26}},{"start":{"line":22,"column":30},"end":{"line":22,"column":51}}],"line":22}},"s":{"0":1,"1":1,"2":1,"3":0,"4":0,"5":0,"6":0,"7":0,"8":0,"9":0,"10":0,"11":0,"12":0,"13":1},"f":{"0":0},"b":{"0":[0,0],"1":[0,0]},"_coverageSchema":"1a1c01bbd47fc00a2c39e90264f33305004495a9","hash":"be75f90cf42d2d4b4f854fdeb65e2cd579044d4a"}
,"/Users/paulopeixoto/Desktop/Liisa Repos/PolkadotNFTPortfolioTracker/PolkadotNFTPortfolioTracker/multichain-indexer/src/functions/getLiquidity.js": {"path":"/Users/paulopeixoto/Desktop/Liisa Repos/PolkadotNFTPortfolioTracker/PolkadotNFTPortfolioTracker/multichain-indexer/src/functions/getLiquidity.js","statementMap":{"0":{"start":{"line":1,"column":26},"end":{"line":1,"column":55}},"1":{"start":{"line":8,"column":18},"end":{"line":8,"column":37}},"2":{"start":{"line":11,"column":26},"end":{"line":11,"column":72}},"3":{"start":{"line":11,"column":53},"end":{"line":11,"column":70}},"4":{"start":{"line":12,"column":26},"end":{"line":12,"column":72}},"5":{"start":{"line":12,"column":53},"end":{"line":12,"column":70}},"6":{"start":{"line":14,"column":30},"end":{"line":14,"column":100}},"7":{"start":{"line":14,"column":64},"end":{"line":14,"column":96}},"8":{"start":{"line":15,"column":22},"end":{"line":15,"column":23}},"9":{"start":{"line":17,"column":4},"end":{"line":22,"column":5}},"10":{"start":{"line":18,"column":27},"end":{"line":18,"column":53}},"11":{"start":{"line":19,"column":22},"end":{"line":19,"column":92}},"12":{"start":{"line":20,"column":23},"end":{"line":20,"column":71}},"13":{"start":{"line":21,"column":8},"end":{"line":21,"column":38}},"14":{"start":{"line":24,"column":4},"end":{"line":24,"column":23}},"15":{"start":{"line":27,"column":0},"end":{"line":27,"column":34}}},"fnMap":{"0":{"name":"getLiquidity","decl":{"start":{"line":5,"column":15},"end":{"line":5,"column":27}},"loc":{"start":{"line":5,"column":34},"end":{"line":25,"column":1}},"line":5},"1":{"name":"(anonymous_1)","decl":{"start":{"line":11,"column":48},"end":{"line":11,"column":49}},"loc":{"start":{"line":11,"column":53},"end":{"line":11,"column":70}},"line":11},"2":{"name":"(anonymous_2)","decl":{"start":{"line":12,"column":48},"end":{"line":12,"column":49}},"loc":{"start":{"line":12,"column":53},"end":{"line":12,"column":70}},"line":12},"3":{"name":"(anonymous_3)","decl":{"start":{"line":14,"column":43},"end":{"line":14,"column":44}},"loc":{"start":{"line":14,"column":64},"end":{"line":14,"column":96}},"line":14}},"branchMap":{},"s":{"0":1,"1":0,"2":0,"3":0,"4":0,"5":0,"6":0,"7":0,"8":0,"9":0,"10":0,"11":0,"12":0,"13":0,"14":0,"15":1},"f":{"0":0,"1":0,"2":0,"3":0},"b":{},"_coverageSchema":"1a1c01bbd47fc00a2c39e90264f33305004495a9","hash":"f761f810355a7d1fce711a44d2521e38ab4ef296"}
,"/Users/paulopeixoto/Desktop/Liisa Repos/PolkadotNFTPortfolioTracker/PolkadotNFTPortfolioTracker/multichain-indexer/src/functions/index.js": {"path":"/Users/paulopeixoto/Desktop/Liisa Repos/PolkadotNFTPortfolioTracker/PolkadotNFTPortfolioTracker/multichain-indexer/src/functions/index.js","statementMap":{"0":{"start":{"line":1,"column":26},"end":{"line":1,"column":55}},"1":{"start":{"line":2,"column":32},"end":{"line":2,"column":67}},"2":{"start":{"line":3,"column":33},"end":{"line":3,"column":69}},"3":{"start":{"line":4,"column":28},"end":{"line":4,"column":59}},"4":{"start":{"line":5,"column":34},"end":{"line":5,"column":71}},"5":{"start":{"line":6,"column":31},"end":{"line":6,"column":65}},"6":{"start":{"line":7,"column":37},"end":{"line":7,"column":77}},"7":{"start":{"line":8,"column":29},"end":{"line":8,"column":61}},"8":{"start":{"line":9,"column":29},"end":{"line":9,"column":61}},"9":{"start":{"line":10,"column":34},"end":{"line":10,"column":71}},"10":{"start":{"line":11,"column":32},"end":{"line":11,"column":67}},"11":{"start":{"line":12,"column":32},"end":{"line":12,"column":67}},"12":{"start":{"line":13,"column":25},"end":{"line":13,"column":53}},"13":{"start":{"line":14,"column":30},"end":{"line":14,"column":63}},"14":{"start":{"line":16,"column":0},"end":{"line":31,"column":2}}},"fnMap":{},"branchMap":{},"s":{"0":1,"1":1,"2":1,"3":1,"4":1,"5":1,"6":1,"7":1,"8":1,"9":1,"10":1,"11":1,"12":1,"13":1,"14":1},"f":{},"b":{},"_coverageSchema":"1a1c01bbd47fc00a2c39e90264f33305004495a9","hash":"a23f899078cdab1114bc53af0f6ba24d6f34f82e"}
,"/Users/paulopeixoto/Desktop/Liisa Repos/PolkadotNFTPortfolioTracker/PolkadotNFTPortfolioTracker/multichain-indexer/src/functions/nftEstimatedValue.js": {"path":"/Users/paulopeixoto/Desktop/Liisa Repos/PolkadotNFTPortfolioTracker/PolkadotNFTPortfolioTracker/multichain-indexer/src/functions/nftEstimatedValue.js","statementMap":{"0":{"start":{"line":1,"column":31},"end":{"line":1,"column":62}},"1":{"start":{"line":2,"column":28},"end":{"line":2,"column":56}},"2":{"start":{"line":3,"column":29},"end":{"line":3,"column":58}},"3":{"start":{"line":8,"column":20},"end":{"line":8,"column":30}},"4":{"start":{"line":9,"column":22},"end":{"line":9,"column":50}},"5":{"start":{"line":12,"column":21},"end":{"line":12,"column":50}},"6":{"start":{"line":15,"column":22},"end":{"line":15,"column":47}},"7":{"start":{"line":18,"column":26},"end":{"line":18,"column":75}},"8":{"start":{"line":19,"column":35},"end":{"line":19,"column":72}},"9":{"start":{"line":20,"column":31},"end":{"line":20,"column":64}},"10":{"start":{"line":24,"column":25},"end":{"line":24,"column":80}},"11":{"start":{"line":27,"column":22},"end":{"line":27,"column":128}},"12":{"start":{"line":29,"column":27},"end":{"line":29,"column":86}},"13":{"start":{"line":31,"column":4},"end":{"line":31,"column":26}},"14":{"start":{"line":34,"column":0},"end":{"line":34,"column":39}}},"fnMap":{"0":{"name":"nftEstimatedValue","decl":{"start":{"line":6,"column":15},"end":{"line":6,"column":32}},"loc":{"start":{"line":6,"column":60},"end":{"line":32,"column":1}},"line":6}},"branchMap":{},"s":{"0":1,"1":1,"2":1,"3":0,"4":0,"5":0,"6":0,"7":0,"8":0,"9":0,"10":0,"11":0,"12":0,"13":0,"14":1},"f":{"0":0},"b":{},"_coverageSchema":"1a1c01bbd47fc00a2c39e90264f33305004495a9","hash":"5fdf2805e514ff990ca1896b9659296c1a2812cb"}
}
