{"/Users/paulopeixoto/Desktop/Liisa Repos/PolkadotNFTPortfolioTracker/PolkadotNFTPortfolioTracker/multichain-indexer/src/functions/fetchAllStats.js": {"path":"/Users/paulopeixoto/Desktop/Liisa Repos/PolkadotNFTPortfolioTracker/PolkadotNFTPortfolioTracker/multichain-indexer/src/functions/fetchAllStats.js","statementMap":{"0":{"start":{"line":1,"column":20},"end":{"line":1,"column":46}},"1":{"start":{"line":2,"column":11},"end":{"line":2,"column":24}},"2":{"start":{"line":3,"column":13},"end":{"line":3,"column":28}},"3":{"start":{"line":8,"column":26},"end":{"line":8,"column":90}},"4":{"start":{"line":9,"column":18},"end":{"line":9,"column":56}},"5":{"start":{"line":11,"column":4},"end":{"line":22,"column":5}},"6":{"start":{"line":12,"column":25},"end":{"line":12,"column":42}},"7":{"start":{"line":14,"column":25},"end":{"line":14,"column":55}},"8":{"start":{"line":15,"column":8},"end":{"line":15,"column":55}},"9":{"start":{"line":16,"column":8},"end":{"line":16,"column":24}},"10":{"start":{"line":18,"column":8},"end":{"line":18,"column":64}},"11":{"start":{"line":19,"column":8},"end":{"line":21,"column":9}},"12":{"start":{"line":20,"column":12},"end":{"line":20,"column":93}},"13":{"start":{"line":25,"column":0},"end":{"line":25,"column":35}}},"fnMap":{"0":{"name":"fetchAllStats","decl":{"start":{"line":6,"column":15},"end":{"line":6,"column":28}},"loc":{"start":{"line":6,"column":35},"end":{"line":23,"column":1}},"line":6}},"branchMap":{"0":{"loc":{"start":{"line":19,"column":8},"end":{"line":21,"column":9}},"type":"if","locations":[{"start":{"line":19,"column":8},"end":{"line":21,"column":9}},{"start":{},"end":{}}],"line":19},"1":{"loc":{"start":{"line":19,"column":12},"end":{"line":19,"column":51}},"type":"binary-expr","locations":[{"start":{"line":19,"column":12},"end":{"line":19,"column":26}},{"start":{"line":19,"column":30},"end":{"line":19,"column":51}}],"line":19}},"s":{"0":1,"1":1,"2":1,"3":2,"4":2,"5":2,"6":2,"7":2,"8":0,"9":0,"10":2,"11":2,"12":2,"13":1},"f":{"0":2},"b":{"0":[2,0],"1":[2,2]},"_coverageSchema":"1a1c01bbd47fc00a2c39e90264f33305004495a9","hash":"e9a1cc48700f63433ef2a713d82c6ac583def1db"}
,"/Users/paulopeixoto/Desktop/Liisa Repos/PolkadotNFTPortfolioTracker/PolkadotNFTPortfolioTracker/multichain-indexer/src/functions/fetchCollectionNfts.js": {"path":"/Users/paulopeixoto/Desktop/Liisa Repos/PolkadotNFTPortfolioTracker/PolkadotNFTPortfolioTracker/multichain-indexer/src/functions/fetchCollectionNfts.js","statementMap":{"0":{"start":{"line":1,"column":20},"end":{"line":1,"column":46}},"1":{"start":{"line":2,"column":11},"end":{"line":2,"column":24}},"2":{"start":{"line":3,"column":13},"end":{"line":3,"column":28}},"3":{"start":{"line":8,"column":26},"end":{"line":8,"column":81}},"4":{"start":{"line":9,"column":18},"end":{"line":9,"column":56}},"5":{"start":{"line":11,"column":22},"end":{"line":13,"column":5}},"6":{"start":{"line":15,"column":4},"end":{"line":26,"column":5}},"7":{"start":{"line":16,"column":25},"end":{"line":16,"column":42}},"8":{"start":{"line":18,"column":25},"end":{"line":18,"column":66}},"9":{"start":{"line":19,"column":8},"end":{"line":19,"column":55}},"10":{"start":{"line":20,"column":8},"end":{"line":20,"column":24}},"11":{"start":{"line":22,"column":8},"end":{"line":22,"column":64}},"12":{"start":{"line":23,"column":8},"end":{"line":25,"column":9}},"13":{"start":{"line":24,"column":12},"end":{"line":24,"column":93}},"14":{"start":{"line":29,"column":0},"end":{"line":29,"column":41}}},"fnMap":{"0":{"name":"fetchCollectionNfts","decl":{"start":{"line":6,"column":15},"end":{"line":6,"column":34}},"loc":{"start":{"line":6,"column":49},"end":{"line":27,"column":1}},"line":6}},"branchMap":{"0":{"loc":{"start":{"line":23,"column":8},"end":{"line":25,"column":9}},"type":"if","locations":[{"start":{"line":23,"column":8},"end":{"line":25,"column":9}},{"start":{},"end":{}}],"line":23},"1":{"loc":{"start":{"line":23,"column":12},"end":{"line":23,"column":51}},"type":"binary-expr","locations":[{"start":{"line":23,"column":12},"end":{"line":23,"column":26}},{"start":{"line":23,"column":30},"end":{"line":23,"column":51}}],"line":23}},"s":{"0":1,"1":1,"2":1,"3":0,"4":0,"5":0,"6":0,"7":0,"8":0,"9":0,"10":0,"11":0,"12":0,"13":0,"14":1},"f":{"0":0},"b":{"0":[0,0],"1":[0,0]},"_coverageSchema":"1a1c01bbd47fc00a2c39e90264f33305004495a9","hash":"b01ce326d9d07a51288687e60da83146a812fe3a"}
,"/Users/paulopeixoto/Desktop/Liisa Repos/PolkadotNFTPortfolioTracker/PolkadotNFTPortfolioTracker/multichain-indexer/src/functions/fetchCollectionSales.js": {"path":"/Users/paulopeixoto/Desktop/Liisa Repos/PolkadotNFTPortfolioTracker/PolkadotNFTPortfolioTracker/multichain-indexer/src/functions/fetchCollectionSales.js","statementMap":{"0":{"start":{"line":1,"column":20},"end":{"line":1,"column":46}},"1":{"start":{"line":2,"column":11},"end":{"line":2,"column":24}},"2":{"start":{"line":3,"column":13},"end":{"line":3,"column":28}},"3":{"start":{"line":8,"column":26},"end":{"line":8,"column":84}},"4":{"start":{"line":9,"column":18},"end":{"line":9,"column":56}},"5":{"start":{"line":12,"column":22},"end":{"line":20,"column":5}},"6":{"start":{"line":22,"column":4},"end":{"line":33,"column":5}},"7":{"start":{"line":23,"column":25},"end":{"line":23,"column":42}},"8":{"start":{"line":25,"column":25},"end":{"line":25,"column":66}},"9":{"start":{"line":26,"column":8},"end":{"line":26,"column":55}},"10":{"start":{"line":27,"column":8},"end":{"line":27,"column":24}},"11":{"start":{"line":29,"column":8},"end":{"line":29,"column":64}},"12":{"start":{"line":30,"column":8},"end":{"line":32,"column":9}},"13":{"start":{"line":31,"column":12},"end":{"line":31,"column":93}},"14":{"start":{"line":36,"column":0},"end":{"line":36,"column":42}},"15":{"start":{"line":40,"column":0},"end":{"line":43,"column":3}}},"fnMap":{"0":{"name":"fetchCollectionSales","decl":{"start":{"line":6,"column":15},"end":{"line":6,"column":35}},"loc":{"start":{"line":6,"column":51},"end":{"line":34,"column":1}},"line":6}},"branchMap":{"0":{"loc":{"start":{"line":30,"column":8},"end":{"line":32,"column":9}},"type":"if","locations":[{"start":{"line":30,"column":8},"end":{"line":32,"column":9}},{"start":{},"end":{}}],"line":30},"1":{"loc":{"start":{"line":30,"column":12},"end":{"line":30,"column":51}},"type":"binary-expr","locations":[{"start":{"line":30,"column":12},"end":{"line":30,"column":26}},{"start":{"line":30,"column":30},"end":{"line":30,"column":51}}],"line":30}},"s":{"0":1,"1":1,"2":1,"3":1,"4":1,"5":1,"6":1,"7":1,"8":1,"9":1,"10":1,"11":0,"12":0,"13":0,"14":1,"15":1},"f":{"0":1},"b":{"0":[0,0],"1":[0,0]},"_coverageSchema":"1a1c01bbd47fc00a2c39e90264f33305004495a9","hash":"4b8bba1671878bc20323ab4bf07faf4976f6c5a1"}
,"/Users/paulopeixoto/Desktop/Liisa Repos/PolkadotNFTPortfolioTracker/PolkadotNFTPortfolioTracker/multichain-indexer/src/functions/fetchFloorPrice.js": {"path":"/Users/paulopeixoto/Desktop/Liisa Repos/PolkadotNFTPortfolioTracker/PolkadotNFTPortfolioTracker/multichain-indexer/src/functions/fetchFloorPrice.js","statementMap":{"0":{"start":{"line":1,"column":20},"end":{"line":1,"column":46}},"1":{"start":{"line":2,"column":11},"end":{"line":2,"column":24}},"2":{"start":{"line":3,"column":13},"end":{"line":3,"column":28}},"3":{"start":{"line":8,"column":26},"end":{"line":8,"column":82}},"4":{"start":{"line":9,"column":18},"end":{"line":9,"column":56}},"5":{"start":{"line":11,"column":22},"end":{"line":15,"column":5}},"6":{"start":{"line":17,"column":4},"end":{"line":28,"column":5}},"7":{"start":{"line":18,"column":25},"end":{"line":18,"column":42}},"8":{"start":{"line":20,"column":26},"end":{"line":20,"column":61}},"9":{"start":{"line":21,"column":8},"end":{"line":21,"column":55}},"10":{"start":{"line":22,"column":8},"end":{"line":22,"column":24}},"11":{"start":{"line":24,"column":8},"end":{"line":24,"column":64}},"12":{"start":{"line":25,"column":8},"end":{"line":27,"column":9}},"13":{"start":{"line":26,"column":12},"end":{"line":26,"column":93}},"14":{"start":{"line":31,"column":0},"end":{"line":31,"column":37}},"15":{"start":{"line":34,"column":0},"end":{"line":34,"column":135}}},"fnMap":{"0":{"name":"fetchFloorPrice","decl":{"start":{"line":6,"column":15},"end":{"line":6,"column":30}},"loc":{"start":{"line":6,"column":71},"end":{"line":29,"column":1}},"line":6}},"branchMap":{"0":{"loc":{"start":{"line":25,"column":8},"end":{"line":27,"column":9}},"type":"if","locations":[{"start":{"line":25,"column":8},"end":{"line":27,"column":9}},{"start":{},"end":{}}],"line":25},"1":{"loc":{"start":{"line":25,"column":12},"end":{"line":25,"column":51}},"type":"binary-expr","locations":[{"start":{"line":25,"column":12},"end":{"line":25,"column":26}},{"start":{"line":25,"column":30},"end":{"line":25,"column":51}}],"line":25}},"s":{"0":1,"1":1,"2":1,"3":1,"4":1,"5":1,"6":1,"7":1,"8":1,"9":1,"10":1,"11":0,"12":0,"13":0,"14":1,"15":1},"f":{"0":1},"b":{"0":[0,0],"1":[0,0]},"_coverageSchema":"1a1c01bbd47fc00a2c39e90264f33305004495a9","hash":"65c46e245f2d6f768b9149814ef8c0da581f422d"}
,"/Users/paulopeixoto/Desktop/Liisa Repos/PolkadotNFTPortfolioTracker/PolkadotNFTPortfolioTracker/multichain-indexer/src/functions/fetchFloorPriceChange.js": {"path":"/Users/paulopeixoto/Desktop/Liisa Repos/PolkadotNFTPortfolioTracker/PolkadotNFTPortfolioTracker/multichain-indexer/src/functions/fetchFloorPriceChange.js","statementMap":{"0":{"start":{"line":1,"column":20},"end":{"line":1,"column":46}},"1":{"start":{"line":2,"column":11},"end":{"line":2,"column":24}},"2":{"start":{"line":3,"column":13},"end":{"line":3,"column":28}},"3":{"start":{"line":8,"column":26},"end":{"line":8,"column":84}},"4":{"start":{"line":9,"column":18},"end":{"line":9,"column":56}},"5":{"start":{"line":11,"column":22},"end":{"line":18,"column":5}},"6":{"start":{"line":20,"column":4},"end":{"line":31,"column":5}},"7":{"start":{"line":21,"column":25},"end":{"line":21,"column":42}},"8":{"start":{"line":23,"column":26},"end":{"line":23,"column":61}},"9":{"start":{"line":24,"column":8},"end":{"line":24,"column":55}},"10":{"start":{"line":25,"column":8},"end":{"line":25,"column":24}},"11":{"start":{"line":27,"column":8},"end":{"line":27,"column":64}},"12":{"start":{"line":28,"column":8},"end":{"line":30,"column":9}},"13":{"start":{"line":29,"column":12},"end":{"line":29,"column":93}},"14":{"start":{"line":34,"column":0},"end":{"line":34,"column":43}},"15":{"start":{"line":36,"column":0},"end":{"line":36,"column":123}}},"fnMap":{"0":{"name":"fetchFloorPriceChange","decl":{"start":{"line":6,"column":15},"end":{"line":6,"column":36}},"loc":{"start":{"line":6,"column":110},"end":{"line":32,"column":1}},"line":6}},"branchMap":{"0":{"loc":{"start":{"line":28,"column":8},"end":{"line":30,"column":9}},"type":"if","locations":[{"start":{"line":28,"column":8},"end":{"line":30,"column":9}},{"start":{},"end":{}}],"line":28},"1":{"loc":{"start":{"line":28,"column":12},"end":{"line":28,"column":51}},"type":"binary-expr","locations":[{"start":{"line":28,"column":12},"end":{"line":28,"column":26}},{"start":{"line":28,"column":30},"end":{"line":28,"column":51}}],"line":28}},"s":{"0":1,"1":1,"2":1,"3":1,"4":1,"5":1,"6":1,"7":1,"8":1,"9":1,"10":1,"11":0,"12":0,"13":0,"14":1,"15":1},"f":{"0":1},"b":{"0":[0,0],"1":[0,0]},"_coverageSchema":"1a1c01bbd47fc00a2c39e90264f33305004495a9","hash":"e15a243591fec920d0da77db905c77f65f38b44d"}
,"/Users/paulopeixoto/Desktop/Liisa Repos/PolkadotNFTPortfolioTracker/PolkadotNFTPortfolioTracker/multichain-indexer/src/functions/fetchLastTraitSale.js": {"path":"/Users/paulopeixoto/Desktop/Liisa Repos/PolkadotNFTPortfolioTracker/PolkadotNFTPortfolioTracker/multichain-indexer/src/functions/fetchLastTraitSale.js","statementMap":{"0":{"start":{"line":1,"column":20},"end":{"line":1,"column":46}},"1":{"start":{"line":2,"column":11},"end":{"line":2,"column":24}},"2":{"start":{"line":3,"column":13},"end":{"line":3,"column":28}},"3":{"start":{"line":8,"column":26},"end":{"line":8,"column":85}},"4":{"start":{"line":9,"column":18},"end":{"line":9,"column":56}},"5":{"start":{"line":11,"column":22},"end":{"line":15,"column":5}},"6":{"start":{"line":17,"column":4},"end":{"line":28,"column":5}},"7":{"start":{"line":18,"column":25},"end":{"line":18,"column":42}},"8":{"start":{"line":20,"column":25},"end":{"line":20,"column":66}},"9":{"start":{"line":21,"column":8},"end":{"line":21,"column":55}},"10":{"start":{"line":22,"column":8},"end":{"line":22,"column":24}},"11":{"start":{"line":24,"column":8},"end":{"line":24,"column":64}},"12":{"start":{"line":25,"column":8},"end":{"line":27,"column":9}},"13":{"start":{"line":26,"column":12},"end":{"line":26,"column":93}},"14":{"start":{"line":31,"column":0},"end":{"line":31,"column":40}},"15":{"start":{"line":33,"column":0},"end":{"line":33,"column":115}}},"fnMap":{"0":{"name":"fetchLastTraitSale","decl":{"start":{"line":6,"column":15},"end":{"line":6,"column":33}},"loc":{"start":{"line":6,"column":85},"end":{"line":29,"column":1}},"line":6}},"branchMap":{"0":{"loc":{"start":{"line":25,"column":8},"end":{"line":27,"column":9}},"type":"if","locations":[{"start":{"line":25,"column":8},"end":{"line":27,"column":9}},{"start":{},"end":{}}],"line":25},"1":{"loc":{"start":{"line":25,"column":12},"end":{"line":25,"column":51}},"type":"binary-expr","locations":[{"start":{"line":25,"column":12},"end":{"line":25,"column":26}},{"start":{"line":25,"column":30},"end":{"line":25,"column":51}}],"line":25}},"s":{"0":1,"1":1,"2":1,"3":3,"4":3,"5":3,"6":3,"7":3,"8":3,"9":1,"10":1,"11":0,"12":0,"13":0,"14":1,"15":1},"f":{"0":3},"b":{"0":[0,0],"1":[0,0]},"_coverageSchema":"1a1c01bbd47fc00a2c39e90264f33305004495a9","hash":"386ef4f2eae545403251aee9b2a9c1c09c98539d"}
,"/Users/paulopeixoto/Desktop/Liisa Repos/PolkadotNFTPortfolioTracker/PolkadotNFTPortfolioTracker/multichain-indexer/src/functions/fetchNftAcquisitionPrice.js": {"path":"/Users/paulopeixoto/Desktop/Liisa Repos/PolkadotNFTPortfolioTracker/PolkadotNFTPortfolioTracker/multichain-indexer/src/functions/fetchNftAcquisitionPrice.js","statementMap":{"0":{"start":{"line":1,"column":20},"end":{"line":1,"column":46}},"1":{"start":{"line":2,"column":11},"end":{"line":2,"column":24}},"2":{"start":{"line":3,"column":13},"end":{"line":3,"column":28}},"3":{"start":{"line":8,"column":26},"end":{"line":8,"column":86}},"4":{"start":{"line":9,"column":18},"end":{"line":9,"column":56}},"5":{"start":{"line":11,"column":22},"end":{"line":13,"column":5}},"6":{"start":{"line":15,"column":4},"end":{"line":26,"column":5}},"7":{"start":{"line":16,"column":25},"end":{"line":16,"column":42}},"8":{"start":{"line":18,"column":25},"end":{"line":18,"column":66}},"9":{"start":{"line":19,"column":8},"end":{"line":19,"column":55}},"10":{"start":{"line":20,"column":8},"end":{"line":20,"column":24}},"11":{"start":{"line":22,"column":8},"end":{"line":22,"column":64}},"12":{"start":{"line":23,"column":8},"end":{"line":25,"column":9}},"13":{"start":{"line":24,"column":12},"end":{"line":24,"column":93}},"14":{"start":{"line":29,"column":0},"end":{"line":29,"column":46}},"15":{"start":{"line":31,"column":0},"end":{"line":31,"column":72}}},"fnMap":{"0":{"name":"fetchNftAcquisitionPrice","decl":{"start":{"line":6,"column":15},"end":{"line":6,"column":39}},"loc":{"start":{"line":6,"column":53},"end":{"line":27,"column":1}},"line":6}},"branchMap":{"0":{"loc":{"start":{"line":23,"column":8},"end":{"line":25,"column":9}},"type":"if","locations":[{"start":{"line":23,"column":8},"end":{"line":25,"column":9}},{"start":{},"end":{}}],"line":23},"1":{"loc":{"start":{"line":23,"column":12},"end":{"line":23,"column":51}},"type":"binary-expr","locations":[{"start":{"line":23,"column":12},"end":{"line":23,"column":26}},{"start":{"line":23,"column":30},"end":{"line":23,"column":51}}],"line":23}},"s":{"0":1,"1":1,"2":1,"3":2,"4":2,"5":2,"6":2,"7":2,"8":2,"9":2,"10":2,"11":0,"12":0,"13":0,"14":1,"15":1},"f":{"0":2},"b":{"0":[0,0],"1":[0,0]},"_coverageSchema":"1a1c01bbd47fc00a2c39e90264f33305004495a9","hash":"3933f1e5d1a9ba9d181fcc63bf61536accb2db2d"}
,"/Users/paulopeixoto/Desktop/Liisa Repos/PolkadotNFTPortfolioTracker/PolkadotNFTPortfolioTracker/multichain-indexer/src/functions/fetchNftActivity.js": {"path":"/Users/paulopeixoto/Desktop/Liisa Repos/PolkadotNFTPortfolioTracker/PolkadotNFTPortfolioTracker/multichain-indexer/src/functions/fetchNftActivity.js","statementMap":{"0":{"start":{"line":1,"column":20},"end":{"line":1,"column":46}},"1":{"start":{"line":2,"column":11},"end":{"line":2,"column":24}},"2":{"start":{"line":3,"column":13},"end":{"line":3,"column":28}},"3":{"start":{"line":8,"column":26},"end":{"line":8,"column":84}},"4":{"start":{"line":9,"column":18},"end":{"line":9,"column":56}},"5":{"start":{"line":11,"column":22},"end":{"line":13,"column":5}},"6":{"start":{"line":15,"column":4},"end":{"line":26,"column":5}},"7":{"start":{"line":16,"column":25},"end":{"line":16,"column":42}},"8":{"start":{"line":18,"column":25},"end":{"line":18,"column":66}},"9":{"start":{"line":19,"column":8},"end":{"line":19,"column":55}},"10":{"start":{"line":20,"column":8},"end":{"line":20,"column":24}},"11":{"start":{"line":22,"column":8},"end":{"line":22,"column":64}},"12":{"start":{"line":23,"column":8},"end":{"line":25,"column":9}},"13":{"start":{"line":24,"column":12},"end":{"line":24,"column":93}},"14":{"start":{"line":29,"column":0},"end":{"line":29,"column":38}},"15":{"start":{"line":31,"column":0},"end":{"line":31,"column":65}}},"fnMap":{"0":{"name":"fetchNftActivity","decl":{"start":{"line":6,"column":15},"end":{"line":6,"column":31}},"loc":{"start":{"line":6,"column":45},"end":{"line":27,"column":1}},"line":6}},"branchMap":{"0":{"loc":{"start":{"line":23,"column":8},"end":{"line":25,"column":9}},"type":"if","locations":[{"start":{"line":23,"column":8},"end":{"line":25,"column":9}},{"start":{},"end":{}}],"line":23},"1":{"loc":{"start":{"line":23,"column":12},"end":{"line":23,"column":51}},"type":"binary-expr","locations":[{"start":{"line":23,"column":12},"end":{"line":23,"column":26}},{"start":{"line":23,"column":30},"end":{"line":23,"column":51}}],"line":23}},"s":{"0":1,"1":1,"2":1,"3":1,"4":1,"5":1,"6":1,"7":1,"8":1,"9":1,"10":1,"11":0,"12":0,"13":0,"14":1,"15":1},"f":{"0":1},"b":{"0":[0,0],"1":[0,0]},"_coverageSchema":"1a1c01bbd47fc00a2c39e90264f33305004495a9","hash":"196fd72f6f427a72dd53e016299ac40409667ab7"}
,"/Users/paulopeixoto/Desktop/Liisa Repos/PolkadotNFTPortfolioTracker/PolkadotNFTPortfolioTracker/multichain-indexer/src/functions/fetchNftMetadata.js": {"path":"/Users/paulopeixoto/Desktop/Liisa Repos/PolkadotNFTPortfolioTracker/PolkadotNFTPortfolioTracker/multichain-indexer/src/functions/fetchNftMetadata.js","statementMap":{"0":{"start":{"line":1,"column":20},"end":{"line":1,"column":46}},"1":{"start":{"line":2,"column":11},"end":{"line":2,"column":24}},"2":{"start":{"line":3,"column":13},"end":{"line":3,"column":28}},"3":{"start":{"line":8,"column":26},"end":{"line":8,"column":83}},"4":{"start":{"line":9,"column":18},"end":{"line":9,"column":56}},"5":{"start":{"line":11,"column":22},"end":{"line":14,"column":5}},"6":{"start":{"line":16,"column":4},"end":{"line":27,"column":5}},"7":{"start":{"line":17,"column":25},"end":{"line":17,"column":42}},"8":{"start":{"line":19,"column":25},"end":{"line":19,"column":66}},"9":{"start":{"line":20,"column":8},"end":{"line":20,"column":55}},"10":{"start":{"line":21,"column":8},"end":{"line":21,"column":24}},"11":{"start":{"line":23,"column":8},"end":{"line":23,"column":64}},"12":{"start":{"line":24,"column":8},"end":{"line":26,"column":9}},"13":{"start":{"line":25,"column":12},"end":{"line":25,"column":93}},"14":{"start":{"line":30,"column":0},"end":{"line":30,"column":38}},"15":{"start":{"line":32,"column":0},"end":{"line":32,"column":65}}},"fnMap":{"0":{"name":"fetchNftMetadata","decl":{"start":{"line":6,"column":15},"end":{"line":6,"column":31}},"loc":{"start":{"line":6,"column":52},"end":{"line":28,"column":1}},"line":6}},"branchMap":{"0":{"loc":{"start":{"line":24,"column":8},"end":{"line":26,"column":9}},"type":"if","locations":[{"start":{"line":24,"column":8},"end":{"line":26,"column":9}},{"start":{},"end":{}}],"line":24},"1":{"loc":{"start":{"line":24,"column":12},"end":{"line":24,"column":51}},"type":"binary-expr","locations":[{"start":{"line":24,"column":12},"end":{"line":24,"column":26}},{"start":{"line":24,"column":30},"end":{"line":24,"column":51}}],"line":24}},"s":{"0":1,"1":1,"2":1,"3":3,"4":3,"5":3,"6":3,"7":3,"8":3,"9":3,"10":3,"11":0,"12":0,"13":0,"14":1,"15":1},"f":{"0":3},"b":{"0":[0,0],"1":[0,0]},"_coverageSchema":"1a1c01bbd47fc00a2c39e90264f33305004495a9","hash":"cb4c332a5895ddbc451c29fe30a0ebc885c582f6"}
,"/Users/paulopeixoto/Desktop/Liisa Repos/PolkadotNFTPortfolioTracker/PolkadotNFTPortfolioTracker/multichain-indexer/src/functions/fetchNftUnrealizedPnL.js": {"path":"/Users/paulopeixoto/Desktop/Liisa Repos/PolkadotNFTPortfolioTracker/PolkadotNFTPortfolioTracker/multichain-indexer/src/functions/fetchNftUnrealizedPnL.js","statementMap":{"0":{"start":{"line":1,"column":37},"end":{"line":1,"column":77}},"1":{"start":{"line":2,"column":30},"end":{"line":2,"column":63}},"2":{"start":{"line":8,"column":29},"end":{"line":8,"column":66}},"3":{"start":{"line":11,"column":27},"end":{"line":11,"column":71}},"4":{"start":{"line":14,"column":26},"end":{"line":14,"column":59}},"5":{"start":{"line":16,"column":4},"end":{"line":16,"column":25}},"6":{"start":{"line":19,"column":0},"end":{"line":19,"column":43}},"7":{"start":{"line":21,"column":0},"end":{"line":21,"column":116}}},"fnMap":{"0":{"name":"fetchNftUnrealizedPnL","decl":{"start":{"line":5,"column":15},"end":{"line":5,"column":36}},"loc":{"start":{"line":5,"column":64},"end":{"line":17,"column":1}},"line":5}},"branchMap":{},"s":{"0":1,"1":1,"2":1,"3":1,"4":1,"5":1,"6":1,"7":1},"f":{"0":1},"b":{},"_coverageSchema":"1a1c01bbd47fc00a2c39e90264f33305004495a9","hash":"92daa204e81d1796ba86e9e23fe98b46a7457153"}
,"/Users/paulopeixoto/Desktop/Liisa Repos/PolkadotNFTPortfolioTracker/PolkadotNFTPortfolioTracker/multichain-indexer/src/functions/fetchWalletActivity.js": {"path":"/Users/paulopeixoto/Desktop/Liisa Repos/PolkadotNFTPortfolioTracker/PolkadotNFTPortfolioTracker/multichain-indexer/src/functions/fetchWalletActivity.js","statementMap":{"0":{"start":{"line":1,"column":20},"end":{"line":1,"column":46}},"1":{"start":{"line":2,"column":11},"end":{"line":2,"column":24}},"2":{"start":{"line":3,"column":13},"end":{"line":3,"column":28}},"3":{"start":{"line":8,"column":26},"end":{"line":8,"column":84}},"4":{"start":{"line":9,"column":18},"end":{"line":9,"column":56}},"5":{"start":{"line":11,"column":22},"end":{"line":13,"column":5}},"6":{"start":{"line":15,"column":4},"end":{"line":26,"column":5}},"7":{"start":{"line":16,"column":25},"end":{"line":16,"column":42}},"8":{"start":{"line":18,"column":25},"end":{"line":18,"column":66}},"9":{"start":{"line":19,"column":8},"end":{"line":19,"column":55}},"10":{"start":{"line":20,"column":8},"end":{"line":20,"column":24}},"11":{"start":{"line":22,"column":8},"end":{"line":22,"column":64}},"12":{"start":{"line":23,"column":8},"end":{"line":25,"column":9}},"13":{"start":{"line":24,"column":12},"end":{"line":24,"column":93}},"14":{"start":{"line":29,"column":0},"end":{"line":29,"column":41}},"15":{"start":{"line":31,"column":0},"end":{"line":31,"column":91}}},"fnMap":{"0":{"name":"fetchWalletActivity","decl":{"start":{"line":6,"column":15},"end":{"line":6,"column":34}},"loc":{"start":{"line":6,"column":49},"end":{"line":27,"column":1}},"line":6}},"branchMap":{"0":{"loc":{"start":{"line":23,"column":8},"end":{"line":25,"column":9}},"type":"if","locations":[{"start":{"line":23,"column":8},"end":{"line":25,"column":9}},{"start":{},"end":{}}],"line":23},"1":{"loc":{"start":{"line":23,"column":12},"end":{"line":23,"column":51}},"type":"binary-expr","locations":[{"start":{"line":23,"column":12},"end":{"line":23,"column":26}},{"start":{"line":23,"column":30},"end":{"line":23,"column":51}}],"line":23}},"s":{"0":1,"1":1,"2":1,"3":1,"4":1,"5":1,"6":1,"7":1,"8":1,"9":0,"10":0,"11":0,"12":0,"13":0,"14":1,"15":1},"f":{"0":1},"b":{"0":[0,0],"1":[0,0]},"_coverageSchema":"1a1c01bbd47fc00a2c39e90264f33305004495a9","hash":"c69b9a3e46e0cadee0ef57a40d06f5d5cf57bbb6"}
,"/Users/paulopeixoto/Desktop/Liisa Repos/PolkadotNFTPortfolioTracker/PolkadotNFTPortfolioTracker/multichain-indexer/src/functions/fetchWalletSpending.js": {"path":"/Users/paulopeixoto/Desktop/Liisa Repos/PolkadotNFTPortfolioTracker/PolkadotNFTPortfolioTracker/multichain-indexer/src/functions/fetchWalletSpending.js","statementMap":{"0":{"start":{"line":1,"column":20},"end":{"line":1,"column":46}},"1":{"start":{"line":2,"column":11},"end":{"line":2,"column":24}},"2":{"start":{"line":3,"column":13},"end":{"line":3,"column":28}},"3":{"start":{"line":8,"column":26},"end":{"line":8,"column":87}},"4":{"start":{"line":9,"column":18},"end":{"line":9,"column":56}},"5":{"start":{"line":11,"column":22},"end":{"line":14,"column":5}},"6":{"start":{"line":16,"column":4},"end":{"line":27,"column":5}},"7":{"start":{"line":17,"column":25},"end":{"line":17,"column":42}},"8":{"start":{"line":19,"column":25},"end":{"line":19,"column":66}},"9":{"start":{"line":20,"column":8},"end":{"line":20,"column":55}},"10":{"start":{"line":21,"column":8},"end":{"line":21,"column":24}},"11":{"start":{"line":23,"column":8},"end":{"line":23,"column":64}},"12":{"start":{"line":24,"column":8},"end":{"line":26,"column":9}},"13":{"start":{"line":25,"column":12},"end":{"line":25,"column":93}},"14":{"start":{"line":30,"column":0},"end":{"line":30,"column":41}},"15":{"start":{"line":32,"column":0},"end":{"line":32,"column":103}}},"fnMap":{"0":{"name":"fetchWalletSpending","decl":{"start":{"line":6,"column":15},"end":{"line":6,"column":34}},"loc":{"start":{"line":6,"column":56},"end":{"line":28,"column":1}},"line":6}},"branchMap":{"0":{"loc":{"start":{"line":24,"column":8},"end":{"line":26,"column":9}},"type":"if","locations":[{"start":{"line":24,"column":8},"end":{"line":26,"column":9}},{"start":{},"end":{}}],"line":24},"1":{"loc":{"start":{"line":24,"column":12},"end":{"line":24,"column":51}},"type":"binary-expr","locations":[{"start":{"line":24,"column":12},"end":{"line":24,"column":26}},{"start":{"line":24,"column":30},"end":{"line":24,"column":51}}],"line":24}},"s":{"0":1,"1":1,"2":1,"3":1,"4":1,"5":1,"6":1,"7":1,"8":1,"9":1,"10":1,"11":0,"12":0,"13":0,"14":1,"15":1},"f":{"0":1},"b":{"0":[0,0],"1":[0,0]},"_coverageSchema":"1a1c01bbd47fc00a2c39e90264f33305004495a9","hash":"2a29e9ed82f6cb502cef6a39f080211e297e131b"}
,"/Users/paulopeixoto/Desktop/Liisa Repos/PolkadotNFTPortfolioTracker/PolkadotNFTPortfolioTracker/multichain-indexer/src/functions/getLiquidity.js": {"path":"/Users/paulopeixoto/Desktop/Liisa Repos/PolkadotNFTPortfolioTracker/PolkadotNFTPortfolioTracker/multichain-indexer/src/functions/getLiquidity.js","statementMap":{"0":{"start":{"line":1,"column":26},"end":{"line":1,"column":55}},"1":{"start":{"line":8,"column":18},"end":{"line":8,"column":37}},"2":{"start":{"line":11,"column":26},"end":{"line":11,"column":72}},"3":{"start":{"line":11,"column":53},"end":{"line":11,"column":70}},"4":{"start":{"line":12,"column":26},"end":{"line":12,"column":72}},"5":{"start":{"line":12,"column":53},"end":{"line":12,"column":70}},"6":{"start":{"line":14,"column":30},"end":{"line":14,"column":100}},"7":{"start":{"line":14,"column":64},"end":{"line":14,"column":96}},"8":{"start":{"line":15,"column":22},"end":{"line":15,"column":23}},"9":{"start":{"line":17,"column":4},"end":{"line":22,"column":5}},"10":{"start":{"line":18,"column":27},"end":{"line":18,"column":53}},"11":{"start":{"line":19,"column":22},"end":{"line":19,"column":92}},"12":{"start":{"line":20,"column":23},"end":{"line":20,"column":71}},"13":{"start":{"line":21,"column":8},"end":{"line":21,"column":38}},"14":{"start":{"line":24,"column":4},"end":{"line":24,"column":23}},"15":{"start":{"line":27,"column":0},"end":{"line":27,"column":34}},"16":{"start":{"line":29,"column":0},"end":{"line":29,"column":38}}},"fnMap":{"0":{"name":"getLiquidity","decl":{"start":{"line":5,"column":15},"end":{"line":5,"column":27}},"loc":{"start":{"line":5,"column":34},"end":{"line":25,"column":1}},"line":5},"1":{"name":"(anonymous_1)","decl":{"start":{"line":11,"column":48},"end":{"line":11,"column":49}},"loc":{"start":{"line":11,"column":53},"end":{"line":11,"column":70}},"line":11},"2":{"name":"(anonymous_2)","decl":{"start":{"line":12,"column":48},"end":{"line":12,"column":49}},"loc":{"start":{"line":12,"column":53},"end":{"line":12,"column":70}},"line":12},"3":{"name":"(anonymous_3)","decl":{"start":{"line":14,"column":43},"end":{"line":14,"column":44}},"loc":{"start":{"line":14,"column":64},"end":{"line":14,"column":96}},"line":14}},"branchMap":{},"s":{"0":1,"1":1,"2":1,"3":0,"4":0,"5":0,"6":0,"7":0,"8":0,"9":0,"10":0,"11":0,"12":0,"13":0,"14":0,"15":1,"16":1},"f":{"0":1,"1":0,"2":0,"3":0},"b":{},"_coverageSchema":"1a1c01bbd47fc00a2c39e90264f33305004495a9","hash":"37f0f2b91646073c974f2612ca3c0e8c814262a2"}
,"/Users/paulopeixoto/Desktop/Liisa Repos/PolkadotNFTPortfolioTracker/PolkadotNFTPortfolioTracker/multichain-indexer/src/functions/index.js": {"path":"/Users/paulopeixoto/Desktop/Liisa Repos/PolkadotNFTPortfolioTracker/PolkadotNFTPortfolioTracker/multichain-indexer/src/functions/index.js","statementMap":{"0":{"start":{"line":1,"column":26},"end":{"line":1,"column":55}},"1":{"start":{"line":2,"column":32},"end":{"line":2,"column":67}},"2":{"start":{"line":3,"column":33},"end":{"line":3,"column":69}},"3":{"start":{"line":4,"column":28},"end":{"line":4,"column":59}},"4":{"start":{"line":5,"column":34},"end":{"line":5,"column":71}},"5":{"start":{"line":6,"column":31},"end":{"line":6,"column":65}},"6":{"start":{"line":7,"column":37},"end":{"line":7,"column":77}},"7":{"start":{"line":8,"column":29},"end":{"line":8,"column":61}},"8":{"start":{"line":9,"column":29},"end":{"line":9,"column":61}},"9":{"start":{"line":10,"column":34},"end":{"line":10,"column":71}},"10":{"start":{"line":11,"column":32},"end":{"line":11,"column":67}},"11":{"start":{"line":12,"column":32},"end":{"line":12,"column":67}},"12":{"start":{"line":13,"column":25},"end":{"line":13,"column":53}},"13":{"start":{"line":14,"column":30},"end":{"line":14,"column":63}},"14":{"start":{"line":16,"column":0},"end":{"line":31,"column":2}}},"fnMap":{},"branchMap":{},"s":{"0":1,"1":1,"2":1,"3":1,"4":1,"5":1,"6":1,"7":1,"8":1,"9":1,"10":1,"11":1,"12":1,"13":1,"14":1},"f":{},"b":{},"_coverageSchema":"1a1c01bbd47fc00a2c39e90264f33305004495a9","hash":"a23f899078cdab1114bc53af0f6ba24d6f34f82e"}
,"/Users/paulopeixoto/Desktop/Liisa Repos/PolkadotNFTPortfolioTracker/PolkadotNFTPortfolioTracker/multichain-indexer/src/functions/nftEstimatedValue.js": {"path":"/Users/paulopeixoto/Desktop/Liisa Repos/PolkadotNFTPortfolioTracker/PolkadotNFTPortfolioTracker/multichain-indexer/src/functions/nftEstimatedValue.js","statementMap":{"0":{"start":{"line":1,"column":31},"end":{"line":1,"column":62}},"1":{"start":{"line":2,"column":28},"end":{"line":2,"column":56}},"2":{"start":{"line":3,"column":29},"end":{"line":3,"column":58}},"3":{"start":{"line":7,"column":20},"end":{"line":7,"column":30}},"4":{"start":{"line":8,"column":22},"end":{"line":8,"column":70}},"5":{"start":{"line":11,"column":25},"end":{"line":11,"column":48}},"6":{"start":{"line":12,"column":23},"end":{"line":12,"column":44}},"7":{"start":{"line":13,"column":4},"end":{"line":13,"column":48}},"8":{"start":{"line":14,"column":4},"end":{"line":14,"column":44}},"9":{"start":{"line":16,"column":4},"end":{"line":69,"column":5}},"10":{"start":{"line":18,"column":25},"end":{"line":18,"column":60}},"11":{"start":{"line":19,"column":8},"end":{"line":19,"column":44}},"12":{"start":{"line":21,"column":8},"end":{"line":23,"column":9}},"13":{"start":{"line":22,"column":12},"end":{"line":22,"column":53}},"14":{"start":{"line":26,"column":26},"end":{"line":26,"column":70}},"15":{"start":{"line":29,"column":30},"end":{"line":29,"column":107}},"16":{"start":{"line":30,"column":8},"end":{"line":30,"column":56}},"17":{"start":{"line":32,"column":8},"end":{"line":34,"column":9}},"18":{"start":{"line":33,"column":12},"end":{"line":33,"column":56}},"19":{"start":{"line":36,"column":39},"end":{"line":36,"column":75}},"20":{"start":{"line":37,"column":8},"end":{"line":37,"column":72}},"21":{"start":{"line":38,"column":35},"end":{"line":38,"column":67}},"22":{"start":{"line":39,"column":8},"end":{"line":39,"column":64}},"23":{"start":{"line":42,"column":34},"end":{"line":42,"column":66}},"24":{"start":{"line":45,"column":34},"end":{"line":45,"column":92}},"25":{"start":{"line":48,"column":37},"end":{"line":48,"column":68}},"26":{"start":{"line":49,"column":42},"end":{"line":49,"column":73}},"27":{"start":{"line":52,"column":29},"end":{"line":52,"column":96}},"28":{"start":{"line":53,"column":8},"end":{"line":53,"column":52}},"29":{"start":{"line":55,"column":26},"end":{"line":55,"column":116}},"30":{"start":{"line":56,"column":8},"end":{"line":56,"column":46}},"31":{"start":{"line":60,"column":8},"end":{"line":62,"column":9}},"32":{"start":{"line":61,"column":12},"end":{"line":61,"column":60}},"33":{"start":{"line":64,"column":31},"end":{"line":64,"column":103}},"34":{"start":{"line":65,"column":8},"end":{"line":65,"column":57}},"35":{"start":{"line":66,"column":8},"end":{"line":66,"column":30}},"36":{"start":{"line":68,"column":8},"end":{"line":68,"column":71}},"37":{"start":{"line":73,"column":0},"end":{"line":75,"column":5}},"38":{"start":{"line":74,"column":4},"end":{"line":74,"column":121}},"39":{"start":{"line":78,"column":0},"end":{"line":78,"column":39}}},"fnMap":{"0":{"name":"nftEstimatedValue","decl":{"start":{"line":6,"column":15},"end":{"line":6,"column":32}},"loc":{"start":{"line":6,"column":60},"end":{"line":70,"column":1}},"line":6},"1":{"name":"(anonymous_1)","decl":{"start":{"line":73,"column":1},"end":{"line":73,"column":2}},"loc":{"start":{"line":73,"column":13},"end":{"line":75,"column":1}},"line":73}},"branchMap":{"0":{"loc":{"start":{"line":21,"column":8},"end":{"line":23,"column":9}},"type":"if","locations":[{"start":{"line":21,"column":8},"end":{"line":23,"column":9}},{"start":{},"end":{}}],"line":21},"1":{"loc":{"start":{"line":21,"column":12},"end":{"line":21,"column":77}},"type":"binary-expr","locations":[{"start":{"line":21,"column":12},"end":{"line":21,"column":21}},{"start":{"line":21,"column":25},"end":{"line":21,"column":43}},{"start":{"line":21,"column":47},"end":{"line":21,"column":77}}],"line":21},"2":{"loc":{"start":{"line":32,"column":8},"end":{"line":34,"column":9}},"type":"if","locations":[{"start":{"line":32,"column":8},"end":{"line":34,"column":9}},{"start":{},"end":{}}],"line":32},"3":{"loc":{"start":{"line":32,"column":12},"end":{"line":32,"column":94}},"type":"binary-expr","locations":[{"start":{"line":32,"column":12},"end":{"line":32,"column":26}},{"start":{"line":32,"column":30},"end":{"line":32,"column":54}},{"start":{"line":32,"column":58},"end":{"line":32,"column":94}}],"line":32},"4":{"loc":{"start":{"line":60,"column":8},"end":{"line":62,"column":9}},"type":"if","locations":[{"start":{"line":60,"column":8},"end":{"line":62,"column":9}},{"start":{},"end":{}}],"line":60},"5":{"loc":{"start":{"line":60,"column":12},"end":{"line":60,"column":39}},"type":"binary-expr","locations":[{"start":{"line":60,"column":12},"end":{"line":60,"column":25}},{"start":{"line":60,"column":29},"end":{"line":60,"column":39}}],"line":60}},"s":{"0":1,"1":1,"2":1,"3":2,"4":2,"5":2,"6":2,"7":2,"8":2,"9":2,"10":2,"11":2,"12":2,"13":0,"14":2,"15":2,"16":0,"17":0,"18":0,"19":0,"20":0,"21":0,"22":0,"23":0,"24":0,"25":0,"26":0,"27":0,"28":0,"29":0,"30":0,"31":0,"32":0,"33":0,"34":0,"35":0,"36":0,"37":1,"38":1,"39":1},"f":{"0":2,"1":1},"b":{"0":[0,2],"1":[2,2,2],"2":[0,0],"3":[0,0,0],"4":[0,0],"5":[0,0]},"_coverageSchema":"1a1c01bbd47fc00a2c39e90264f33305004495a9","hash":"04d5a39700fb5ca9d6fb86b92f5931e1675a1820"}
}
