TN:
SF:src/functions/fetchAllStats.js
FN:6,fetchAllStats
FNF:1
FNH:1
FNDA:1,fetchAllStats
DA:1,1
DA:2,1
DA:3,1
DA:8,1
DA:9,1
DA:11,1
DA:12,1
DA:14,1
DA:15,0
DA:17,1
DA:18,1
DA:19,1
DA:24,1
LF:13
LH:12
BRDA:18,0,0,1
BRDA:18,0,1,0
BRDA:18,1,0,1
BRDA:18,1,1,1
BRF:4
BRH:3
end_of_record
TN:
SF:src/functions/fetchCollectionNfts.js
FN:6,fetchCollectionNfts
FNF:1
FNH:1
FNDA:1,fetchCollectionNfts
DA:1,1
DA:2,1
DA:3,1
DA:8,1
DA:9,1
DA:11,1
DA:15,1
DA:16,1
DA:18,1
DA:19,0
DA:21,1
DA:22,1
DA:23,1
DA:28,1
DA:30,1
LF:15
LH:14
BRDA:22,0,0,1
BRDA:22,0,1,0
BRDA:22,1,0,1
BRDA:22,1,1,1
BRF:4
BRH:3
end_of_record
TN:
SF:src/functions/fetchCollectionSales.js
FN:6,fetchCollectionSales
FNF:1
FNH:1
FNDA:1,fetchCollectionSales
DA:1,1
DA:2,1
DA:3,1
DA:8,1
DA:9,1
DA:12,1
DA:22,1
DA:23,1
DA:25,1
DA:26,1
DA:28,0
DA:29,0
DA:30,0
DA:35,1
DA:39,1
LF:15
LH:12
BRDA:29,0,0,0
BRDA:29,0,1,0
BRDA:29,1,0,0
BRDA:29,1,1,0
BRF:4
BRH:0
end_of_record
TN:
SF:src/functions/fetchFloorPrice.js
FN:6,fetchFloorPrice
FNF:1
FNH:1
FNDA:1,fetchFloorPrice
DA:1,1
DA:2,1
DA:3,1
DA:8,1
DA:9,1
DA:11,1
DA:17,1
DA:18,1
DA:20,1
DA:21,1
DA:23,0
DA:24,0
DA:25,0
DA:30,1
DA:33,1
LF:15
LH:12
BRDA:24,0,0,0
BRDA:24,0,1,0
BRDA:24,1,0,0
BRDA:24,1,1,0
BRF:4
BRH:0
end_of_record
TN:
SF:src/functions/fetchFloorPriceChange.js
FN:6,fetchFloorPriceChange
FNF:1
FNH:1
FNDA:1,fetchFloorPriceChange
DA:1,1
DA:2,1
DA:3,1
DA:8,1
DA:9,1
DA:11,1
DA:20,1
DA:21,1
DA:23,1
DA:24,1
DA:26,0
DA:27,0
DA:28,0
DA:33,1
DA:35,1
LF:15
LH:12
BRDA:27,0,0,0
BRDA:27,0,1,0
BRDA:27,1,0,0
BRDA:27,1,1,0
BRF:4
BRH:0
end_of_record
TN:
SF:src/functions/fetchLastTraitSale.js
FN:6,fetchLastTraitSale
FNF:1
FNH:1
FNDA:1,fetchLastTraitSale
DA:1,1
DA:2,1
DA:3,1
DA:8,1
DA:9,1
DA:11,1
DA:17,1
DA:18,1
DA:20,1
DA:21,1
DA:23,0
DA:24,0
DA:25,0
DA:30,1
DA:32,1
LF:15
LH:12
BRDA:24,0,0,0
BRDA:24,0,1,0
BRDA:24,1,0,0
BRDA:24,1,1,0
BRF:4
BRH:0
end_of_record
TN:
SF:src/functions/fetchNftAcquisitionPrice.js
FN:6,fetchNftAcquisitionPrice
FNF:1
FNH:1
FNDA:2,fetchNftAcquisitionPrice
DA:1,1
DA:2,1
DA:3,1
DA:8,2
DA:9,2
DA:11,2
DA:15,2
DA:16,2
DA:18,2
DA:19,2
DA:21,0
DA:22,0
DA:23,0
DA:28,1
DA:30,1
LF:15
LH:12
BRDA:22,0,0,0
BRDA:22,0,1,0
BRDA:22,1,0,0
BRDA:22,1,1,0
BRF:4
BRH:0
end_of_record
TN:
SF:src/functions/fetchNftActivity.js
FN:6,fetchNftActivity
FNF:1
FNH:1
FNDA:1,fetchNftActivity
DA:1,1
DA:2,1
DA:3,1
DA:8,1
DA:9,1
DA:11,1
DA:15,1
DA:16,1
DA:18,1
DA:19,1
DA:21,0
DA:22,0
DA:23,0
DA:28,1
DA:30,1
LF:15
LH:12
BRDA:22,0,0,0
BRDA:22,0,1,0
BRDA:22,1,0,0
BRDA:22,1,1,0
BRF:4
BRH:0
end_of_record
TN:
SF:src/functions/fetchNftMetadata.js
FN:6,fetchNftMetadata
FNF:1
FNH:1
FNDA:2,fetchNftMetadata
DA:1,1
DA:2,1
DA:3,1
DA:8,2
DA:9,2
DA:11,2
DA:16,2
DA:17,2
DA:19,2
DA:20,2
DA:22,0
DA:23,0
DA:24,0
DA:29,1
DA:31,1
LF:15
LH:12
BRDA:23,0,0,0
BRDA:23,0,1,0
BRDA:23,1,0,0
BRDA:23,1,1,0
BRF:4
BRH:0
end_of_record
TN:
SF:src/functions/fetchNftUnrealizedPnL.js
FN:5,fetchNftUnrealizedPnL
FNF:1
FNH:1
FNDA:1,fetchNftUnrealizedPnL
DA:1,1
DA:2,1
DA:8,1
DA:11,1
DA:14,1
DA:16,1
DA:19,1
DA:21,1
LF:8
LH:8
BRF:0
BRH:0
end_of_record
TN:
SF:src/functions/fetchWalletActivity.js
FN:6,fetchWalletActivity
FNF:1
FNH:0
FNDA:0,fetchWalletActivity
DA:1,1
DA:2,1
DA:3,1
DA:8,0
DA:9,0
DA:11,0
DA:15,0
DA:16,0
DA:18,0
DA:19,0
DA:21,0
DA:22,0
DA:23,0
DA:28,1
LF:14
LH:4
BRDA:22,0,0,0
BRDA:22,0,1,0
BRDA:22,1,0,0
BRDA:22,1,1,0
BRF:4
BRH:0
end_of_record
TN:
SF:src/functions/fetchWalletSpending.js
FN:6,fetchWalletSpending
FNF:1
FNH:0
FNDA:0,fetchWalletSpending
DA:1,1
DA:2,1
DA:3,1
DA:8,0
DA:9,0
DA:11,0
DA:15,0
DA:16,0
DA:18,0
DA:19,0
DA:21,0
DA:22,0
DA:23,0
DA:28,1
LF:14
LH:4
BRDA:22,0,0,0
BRDA:22,0,1,0
BRDA:22,1,0,0
BRDA:22,1,1,0
BRF:4
BRH:0
end_of_record
TN:
SF:src/functions/getLiquidity.js
FN:5,getLiquidity
FN:11,(anonymous_1)
FN:12,(anonymous_2)
FN:14,(anonymous_3)
FNF:4
FNH:0
FNDA:0,getLiquidity
FNDA:0,(anonymous_1)
FNDA:0,(anonymous_2)
FNDA:0,(anonymous_3)
DA:1,1
DA:8,0
DA:11,0
DA:12,0
DA:14,0
DA:15,0
DA:17,0
DA:18,0
DA:19,0
DA:20,0
DA:21,0
DA:24,0
DA:27,1
LF:13
LH:2
BRF:0
BRH:0
end_of_record
TN:
SF:src/functions/index.js
FNF:0
FNH:0
DA:1,1
DA:2,1
DA:3,1
DA:4,1
DA:5,1
DA:6,1
DA:7,1
DA:8,1
DA:9,1
DA:10,1
DA:11,1
DA:12,1
DA:13,1
DA:14,1
DA:16,1
LF:15
LH:15
BRF:0
BRH:0
end_of_record
TN:
SF:src/functions/nftEstimatedValue.js
FN:6,nftEstimatedValue
FNF:1
FNH:1
FNDA:1,nftEstimatedValue
DA:1,1
DA:2,1
DA:3,1
DA:8,1
DA:9,1
DA:12,1
DA:15,1
DA:18,0
DA:19,0
DA:20,0
DA:24,0
DA:27,0
DA:29,0
DA:31,0
DA:34,1
LF:15
LH:8
BRF:0
BRH:0
end_of_record
