TN:
SF:src/functions/fetchAllStats.js
FN:6,fetchAllStats
FNF:1
FNH:1
FNDA:2,fetchAllStats
DA:1,1
DA:2,1
DA:3,1
DA:8,2
DA:9,2
DA:11,2
DA:12,2
DA:14,2
DA:15,0
DA:16,0
DA:18,2
DA:19,2
DA:20,2
DA:25,1
LF:14
LH:12
BRDA:19,0,0,2
BRDA:19,0,1,0
BRDA:19,1,0,2
BRDA:19,1,1,2
BRF:4
BRH:3
end_of_record
TN:
SF:src/functions/fetchCollectionNfts.js
FN:6,fetchCollectionNfts
FNF:1
FNH:0
FNDA:0,fetchCollectionNfts
DA:1,1
DA:2,1
DA:3,1
DA:8,0
DA:9,0
DA:11,0
DA:15,0
DA:16,0
DA:18,0
DA:19,0
DA:20,0
DA:22,0
DA:23,0
DA:24,0
DA:29,1
LF:15
LH:4
BRDA:23,0,0,0
BRDA:23,0,1,0
BRDA:23,1,0,0
BRDA:23,1,1,0
BRF:4
BRH:0
end_of_record
TN:
SF:src/functions/fetchCollectionSales.js
FN:6,fetchCollectionSales
FNF:1
FNH:1
FNDA:1,fetchCollectionSales
DA:1,1
DA:2,1
DA:3,1
DA:8,1
DA:9,1
DA:12,1
DA:22,1
DA:23,1
DA:25,1
DA:26,1
DA:27,1
DA:29,0
DA:30,0
DA:31,0
DA:36,1
DA:40,1
LF:16
LH:13
BRDA:30,0,0,0
BRDA:30,0,1,0
BRDA:30,1,0,0
BRDA:30,1,1,0
BRF:4
BRH:0
end_of_record
TN:
SF:src/functions/fetchFloorPrice.js
FN:6,fetchFloorPrice
FNF:1
FNH:1
FNDA:1,fetchFloorPrice
DA:1,1
DA:2,1
DA:3,1
DA:8,1
DA:9,1
DA:11,1
DA:17,1
DA:18,1
DA:20,1
DA:21,1
DA:22,1
DA:24,0
DA:25,0
DA:26,0
DA:31,1
DA:34,1
LF:16
LH:13
BRDA:25,0,0,0
BRDA:25,0,1,0
BRDA:25,1,0,0
BRDA:25,1,1,0
BRF:4
BRH:0
end_of_record
TN:
SF:src/functions/fetchFloorPriceChange.js
FN:6,fetchFloorPriceChange
FNF:1
FNH:1
FNDA:1,fetchFloorPriceChange
DA:1,1
DA:2,1
DA:3,1
DA:8,1
DA:9,1
DA:11,1
DA:20,1
DA:21,1
DA:23,1
DA:24,1
DA:25,1
DA:27,0
DA:28,0
DA:29,0
DA:34,1
DA:36,1
LF:16
LH:13
BRDA:28,0,0,0
BRDA:28,0,1,0
BRDA:28,1,0,0
BRDA:28,1,1,0
BRF:4
BRH:0
end_of_record
TN:
SF:src/functions/fetchLastTraitSale.js
FN:6,fetchLastTraitSale
FNF:1
FNH:1
FNDA:3,fetchLastTraitSale
DA:1,1
DA:2,1
DA:3,1
DA:8,3
DA:9,3
DA:11,3
DA:17,3
DA:18,3
DA:20,3
DA:21,1
DA:22,1
DA:24,0
DA:25,0
DA:26,0
DA:31,1
DA:33,1
LF:16
LH:13
BRDA:25,0,0,0
BRDA:25,0,1,0
BRDA:25,1,0,0
BRDA:25,1,1,0
BRF:4
BRH:0
end_of_record
TN:
SF:src/functions/fetchNftAcquisitionPrice.js
FN:6,fetchNftAcquisitionPrice
FNF:1
FNH:1
FNDA:2,fetchNftAcquisitionPrice
DA:1,1
DA:2,1
DA:3,1
DA:8,2
DA:9,2
DA:11,2
DA:15,2
DA:16,2
DA:18,2
DA:19,2
DA:20,2
DA:22,0
DA:23,0
DA:24,0
DA:29,1
DA:31,1
LF:16
LH:13
BRDA:23,0,0,0
BRDA:23,0,1,0
BRDA:23,1,0,0
BRDA:23,1,1,0
BRF:4
BRH:0
end_of_record
TN:
SF:src/functions/fetchNftActivity.js
FN:6,fetchNftActivity
FNF:1
FNH:1
FNDA:1,fetchNftActivity
DA:1,1
DA:2,1
DA:3,1
DA:8,1
DA:9,1
DA:11,1
DA:15,1
DA:16,1
DA:18,1
DA:19,1
DA:20,1
DA:22,0
DA:23,0
DA:24,0
DA:29,1
DA:31,1
LF:16
LH:13
BRDA:23,0,0,0
BRDA:23,0,1,0
BRDA:23,1,0,0
BRDA:23,1,1,0
BRF:4
BRH:0
end_of_record
TN:
SF:src/functions/fetchNftMetadata.js
FN:6,fetchNftMetadata
FNF:1
FNH:1
FNDA:3,fetchNftMetadata
DA:1,1
DA:2,1
DA:3,1
DA:8,3
DA:9,3
DA:11,3
DA:16,3
DA:17,3
DA:19,3
DA:20,3
DA:21,3
DA:23,0
DA:24,0
DA:25,0
DA:30,1
DA:32,1
LF:16
LH:13
BRDA:24,0,0,0
BRDA:24,0,1,0
BRDA:24,1,0,0
BRDA:24,1,1,0
BRF:4
BRH:0
end_of_record
TN:
SF:src/functions/fetchNftUnrealizedPnL.js
FN:5,fetchNftUnrealizedPnL
FNF:1
FNH:1
FNDA:1,fetchNftUnrealizedPnL
DA:1,1
DA:2,1
DA:8,1
DA:11,1
DA:14,1
DA:16,1
DA:19,1
DA:21,1
LF:8
LH:8
BRF:0
BRH:0
end_of_record
TN:
SF:src/functions/fetchWalletActivity.js
FN:6,fetchWalletActivity
FNF:1
FNH:1
FNDA:1,fetchWalletActivity
DA:1,1
DA:2,1
DA:3,1
DA:8,1
DA:9,1
DA:11,1
DA:15,1
DA:16,1
DA:18,1
DA:19,0
DA:20,0
DA:22,0
DA:23,0
DA:24,0
DA:29,1
DA:31,1
LF:16
LH:11
BRDA:23,0,0,0
BRDA:23,0,1,0
BRDA:23,1,0,0
BRDA:23,1,1,0
BRF:4
BRH:0
end_of_record
TN:
SF:src/functions/fetchWalletSpending.js
FN:6,fetchWalletSpending
FNF:1
FNH:1
FNDA:1,fetchWalletSpending
DA:1,1
DA:2,1
DA:3,1
DA:8,1
DA:9,1
DA:11,1
DA:16,1
DA:17,1
DA:19,1
DA:20,1
DA:21,1
DA:23,0
DA:24,0
DA:25,0
DA:30,1
DA:32,1
LF:16
LH:13
BRDA:24,0,0,0
BRDA:24,0,1,0
BRDA:24,1,0,0
BRDA:24,1,1,0
BRF:4
BRH:0
end_of_record
TN:
SF:src/functions/getLiquidity.js
FN:5,getLiquidity
FN:11,(anonymous_1)
FN:12,(anonymous_2)
FN:14,(anonymous_3)
FNF:4
FNH:1
FNDA:1,getLiquidity
FNDA:0,(anonymous_1)
FNDA:0,(anonymous_2)
FNDA:0,(anonymous_3)
DA:1,1
DA:8,1
DA:11,1
DA:12,0
DA:14,0
DA:15,0
DA:17,0
DA:18,0
DA:19,0
DA:20,0
DA:21,0
DA:24,0
DA:27,1
DA:29,1
LF:14
LH:5
BRF:0
BRH:0
end_of_record
TN:
SF:src/functions/index.js
FNF:0
FNH:0
DA:1,1
DA:2,1
DA:3,1
DA:4,1
DA:5,1
DA:6,1
DA:7,1
DA:8,1
DA:9,1
DA:10,1
DA:11,1
DA:12,1
DA:13,1
DA:14,1
DA:16,1
LF:15
LH:15
BRF:0
BRH:0
end_of_record
TN:
SF:src/functions/nftEstimatedValue.js
FN:6,nftEstimatedValue
FN:73,(anonymous_1)
FNF:2
FNH:2
FNDA:2,nftEstimatedValue
FNDA:1,(anonymous_1)
DA:1,1
DA:2,1
DA:3,1
DA:7,2
DA:8,2
DA:11,2
DA:12,2
DA:13,2
DA:14,2
DA:16,2
DA:18,2
DA:19,2
DA:21,2
DA:22,0
DA:26,2
DA:29,2
DA:30,0
DA:32,0
DA:33,0
DA:36,0
DA:37,0
DA:38,0
DA:39,0
DA:42,0
DA:45,0
DA:48,0
DA:49,0
DA:52,0
DA:53,0
DA:55,0
DA:56,0
DA:60,0
DA:61,0
DA:64,0
DA:65,0
DA:66,0
DA:68,0
DA:73,1
DA:74,1
DA:78,1
LF:40
LH:18
BRDA:21,0,0,0
BRDA:21,0,1,2
BRDA:21,1,0,2
BRDA:21,1,1,2
BRDA:21,1,2,2
BRDA:32,2,0,0
BRDA:32,2,1,0
BRDA:32,3,0,0
BRDA:32,3,1,0
BRDA:32,3,2,0
BRDA:60,4,0,0
BRDA:60,4,1,0
BRDA:60,5,0,0
BRDA:60,5,1,0
BRF:14
BRH:4
end_of_record
